2020-09-19 07:47:12.506854
	DEF:  createLogFile
		created
2020-09-19 07:47:12.507854
	DEF:  <module>
		MALDI Converter Started
2020-09-19 07:47:12.508854
	DEF:  loadCSVfile
		filename:C:/Space/maldi2/IN/1011026779-2020-07-28 14-22-26.csv
2020-09-19 07:47:12.521855
	DEF:  loadCSVfile
		filename:C:/Space/maldi2/OUT2/20200811-1501-1011026779s-2020-08-11 14-28-46.csv
2020-09-19 07:47:12.525855
	DEF:  findMatchInOutFile
		match:  1011026779-2020-08-11 14-28-46.csv _AND_  20200811-1501-1011026779f-2020-08-11 14-28-46.csv
		match:  1011026779-2020-08-11 14-28-46.csv _AND_  20200811-1501-1011026779s-2020-08-11 14-28-46.csv
		return: {'1011026779-2020-08-11 14-28-46.csv': ['20200811-1501-1011026779f-2020-08-11 14-28-46.csv', '20200811-1501-1011026779s-2020-08-11 14-28-46.csv']}
2020-09-19 07:47:12.528855
	DEF:  findMatchInOutFile
		match:  1011026779-2020-08-11 14-28-46.csv _AND_  20200811-1501-1011026779f-2020-08-11 14-28-46.csv
		match:  1011026779-2020-08-11 14-28-46.csv _AND_  20200811-1501-1011026779s-2020-08-11 14-28-46.csv
		return: {'1011026779-2020-08-11 14-28-46.csv': ['20200811-1501-1011026779f-2020-08-11 14-28-46.csv', '20200811-1501-1011026779s-2020-08-11 14-28-46.csv']}
2020-09-19 07:47:12.531855
	DEF:  loadCSVfile
		filename:C:/Space/maldi2/IN/1011026779-2020-08-11 14-28-46.csv
2020-09-19 07:47:12.533856
	DEF:  loadCSVfile
		filename:C:/Space/maldi2/OUT2/20200811-1501-1011026779s-2020-08-11 14-28-46.csv
2020-09-19 07:47:12.536856
	DEF:  loadCSVfile
		filename:C:/Space/maldi2/OUT2/20200811-1501-1011026779f-2020-08-11 14-28-46.csv
2020-09-19 07:47:12.538856
	DEF:  loadCSVfile
		filename:C:/Space/maldi2/IN/1011026779-2020-08-11 14-28-46.csv
2020-09-19 07:47:12.540856
	DEF:  createResultFileName
		RESULT file name created:1011026779-2020-08-11 14-28-46_RESULT_X.csv
2020-09-19 08:08:08.365685
	DEF:  <module>
		MALDI Converter Started
2020-09-19 08:08:08.366685
	DEF:  loadCSVfile
		filename:C:/Space/maldi2/IN/1011026779-2020-07-28 14-22-26.csv
2020-09-19 08:08:08.368685
	DEF:  loadCSVfile
		filename:C:/Space/maldi2/OUT2/20200811-1501-1011026779s-2020-08-11 14-28-46.csv
2020-09-19 08:08:08.372685
	DEF:  findMatchInOutFile
		match:  1011026779-2020-08-11 14-28-46.csv _AND_  20200811-1501-1011026779f-2020-08-11 14-28-46.csv
		match:  1011026779-2020-08-11 14-28-46.csv _AND_  20200811-1501-1011026779s-2020-08-11 14-28-46.csv
		return: {'1011026779-2020-08-11 14-28-46.csv': ['20200811-1501-1011026779f-2020-08-11 14-28-46.csv', '20200811-1501-1011026779s-2020-08-11 14-28-46.csv']}
2020-09-19 08:08:08.376686
	DEF:  findMatchInOutFile
		match:  1011026779-2020-08-11 14-28-46.csv _AND_  20200811-1501-1011026779f-2020-08-11 14-28-46.csv
		match:  1011026779-2020-08-11 14-28-46.csv _AND_  20200811-1501-1011026779s-2020-08-11 14-28-46.csv
		return: {'1011026779-2020-08-11 14-28-46.csv': ['20200811-1501-1011026779f-2020-08-11 14-28-46.csv', '20200811-1501-1011026779s-2020-08-11 14-28-46.csv']}
2020-09-19 08:08:08.379686
	DEF:  loadCSVfile
		filename:C:/Space/maldi2/IN/1011026779-2020-08-11 14-28-46.csv
2020-09-19 08:08:08.381686
	DEF:  loadCSVfile
		filename:C:/Space/maldi2/OUT2/20200811-1501-1011026779s-2020-08-11 14-28-46.csv
2020-09-19 08:08:08.383686
	DEF:  loadCSVfile
		filename:C:/Space/maldi2/OUT2/20200811-1501-1011026779f-2020-08-11 14-28-46.csv
2020-09-19 08:08:08.385686
	DEF:  loadCSVfile
		filename:C:/Space/maldi2/IN/1011026779-2020-08-11 14-28-46.csv
2020-09-19 08:08:08.387686
	DEF:  createResultFileName
		RESULT file name created:1011026779-2020-08-11 14-28-46_RESULT_X.csv
2020-09-19 08:37:12.318433
	DEF:  <module>
		MALDI Converter Started
2020-09-19 08:37:12.320434
	DEF:  loadCSVfile
		filename:C:/Space/maldi2/IN/1011026779-2020-07-28 14-22-26.csv
2020-09-19 08:37:12.331434
	DEF:  loadCSVfile
		filename:C:/Space/maldi2/OUT2/20200811-1501-1011026779s-2020-08-11 14-28-46.csv
2020-09-19 08:37:12.336435
	DEF:  findMatchInOutFile
		match:  1011026779-2020-08-11 14-28-46.csv _AND_  20200811-1501-1011026779f-2020-08-11 14-28-46.csv
		match:  1011026779-2020-08-11 14-28-46.csv _AND_  20200811-1501-1011026779s-2020-08-11 14-28-46.csv
		return: {'1011026779-2020-08-11 14-28-46.csv': ['20200811-1501-1011026779f-2020-08-11 14-28-46.csv', '20200811-1501-1011026779s-2020-08-11 14-28-46.csv']}
2020-09-19 08:37:12.340435
	DEF:  findMatchInOutFile
		match:  1011026779-2020-08-11 14-28-46.csv _AND_  20200811-1501-1011026779f-2020-08-11 14-28-46.csv
		match:  1011026779-2020-08-11 14-28-46.csv _AND_  20200811-1501-1011026779s-2020-08-11 14-28-46.csv
		return: {'1011026779-2020-08-11 14-28-46.csv': ['20200811-1501-1011026779f-2020-08-11 14-28-46.csv', '20200811-1501-1011026779s-2020-08-11 14-28-46.csv']}
2020-09-19 08:37:12.344435
	DEF:  loadCSVfile
		filename:C:/Space/maldi2/IN/1011026779-2020-08-11 14-28-46.csv
2020-09-19 08:37:12.346435
	DEF:  loadCSVfile
		filename:C:/Space/maldi2/OUT2/20200811-1501-1011026779s-2020-08-11 14-28-46.csv
2020-09-19 08:37:12.349435
	DEF:  loadCSVfile
		filename:C:/Space/maldi2/OUT2/20200811-1501-1011026779f-2020-08-11 14-28-46.csv
2020-09-19 08:37:12.351435
	DEF:  loadCSVfile
		filename:C:/Space/maldi2/IN/1011026779-2020-08-11 14-28-46.csv
2020-09-19 08:37:12.352435
	DEF:  createResultFileName
		RESULT file name created:1011026779-2020-08-11 14-28-46_RESULT_X.csv
2020-09-19 08:49:45.480512
	DEF:  <module>
		MALDI Converter Started
2020-09-19 08:49:45.482512
	DEF:  loadCSVfile
		filename:C:/Space/maldi2/IN/1011026779-2020-07-28 14-22-26.csv
2020-09-19 08:49:45.484512
	DEF:  loadCSVfile
		filename:C:/Space/maldi2/OUT2/20200811-1501-1011026779s-2020-08-11 14-28-46.csv
2020-09-19 08:49:45.488512
	DEF:  findMatchInOutFile
		match:  1011026779-2020-08-11 14-28-46.csv _AND_  20200811-1501-1011026779f-2020-08-11 14-28-46.csv
		match:  1011026779-2020-08-11 14-28-46.csv _AND_  20200811-1501-1011026779s-2020-08-11 14-28-46.csv
		return: {'1011026779-2020-08-11 14-28-46.csv': ['20200811-1501-1011026779f-2020-08-11 14-28-46.csv', '20200811-1501-1011026779s-2020-08-11 14-28-46.csv']}
2020-09-19 08:49:45.492513
	DEF:  findMatchInOutFile
		match:  1011026779-2020-08-11 14-28-46.csv _AND_  20200811-1501-1011026779f-2020-08-11 14-28-46.csv
		match:  1011026779-2020-08-11 14-28-46.csv _AND_  20200811-1501-1011026779s-2020-08-11 14-28-46.csv
		return: {'1011026779-2020-08-11 14-28-46.csv': ['20200811-1501-1011026779f-2020-08-11 14-28-46.csv', '20200811-1501-1011026779s-2020-08-11 14-28-46.csv']}
2020-09-19 08:49:45.495513
	DEF:  loadCSVfile
		filename:C:/Space/maldi2/IN/1011026779-2020-08-11 14-28-46.csv
2020-09-19 08:49:45.496513
	DEF:  loadCSVfile
		filename:C:/Space/maldi2/OUT2/20200811-1501-1011026779s-2020-08-11 14-28-46.csv
2020-09-19 08:49:45.499513
	DEF:  loadCSVfile
		filename:C:/Space/maldi2/OUT2/20200811-1501-1011026779f-2020-08-11 14-28-46.csv
2020-09-19 08:49:45.500513
	DEF:  loadCSVfile
		filename:C:/Space/maldi2/IN/1011026779-2020-08-11 14-28-46.csv
2020-09-19 08:49:45.502513
	DEF:  createResultFileName
		RESULT file name created:1011026779-2020-08-11 14-28-46_RESULT_X.csv
2020-09-19 08:51:19.458887
	DEF:  <module>
		MALDI Converter Started
2020-09-19 08:51:19.460887
	DEF:  loadCSVfile
		filename:C:/Space/maldi2/IN/1011026779-2020-07-28 14-22-26.csv
2020-09-19 08:51:19.462887
	DEF:  loadCSVfile
		filename:C:/Space/maldi2/OUT2/20200811-1501-1011026779s-2020-08-11 14-28-46.csv
2020-09-19 08:51:19.467888
	DEF:  findMatchInOutFile
		match:  1011026779-2020-08-11 14-28-46.csv _AND_  20200811-1501-1011026779f-2020-08-11 14-28-46.csv
		match:  1011026779-2020-08-11 14-28-46.csv _AND_  20200811-1501-1011026779s-2020-08-11 14-28-46.csv
		return: {'1011026779-2020-08-11 14-28-46.csv': ['20200811-1501-1011026779f-2020-08-11 14-28-46.csv', '20200811-1501-1011026779s-2020-08-11 14-28-46.csv']}
2020-09-19 08:51:19.471888
	DEF:  findMatchInOutFile
		match:  1011026779-2020-08-11 14-28-46.csv _AND_  20200811-1501-1011026779f-2020-08-11 14-28-46.csv
		match:  1011026779-2020-08-11 14-28-46.csv _AND_  20200811-1501-1011026779s-2020-08-11 14-28-46.csv
		return: {'1011026779-2020-08-11 14-28-46.csv': ['20200811-1501-1011026779f-2020-08-11 14-28-46.csv', '20200811-1501-1011026779s-2020-08-11 14-28-46.csv']}
2020-09-19 08:51:19.474888
	DEF:  loadCSVfile
		filename:C:/Space/maldi2/IN/1011026779-2020-08-11 14-28-46.csv
2020-09-19 08:51:19.476888
	DEF:  loadCSVfile
		filename:C:/Space/maldi2/OUT2/20200811-1501-1011026779s-2020-08-11 14-28-46.csv
2020-09-19 08:51:19.479888
	DEF:  loadCSVfile
		filename:C:/Space/maldi2/OUT2/20200811-1501-1011026779f-2020-08-11 14-28-46.csv
2020-09-19 08:51:19.481888
	DEF:  loadCSVfile
		filename:C:/Space/maldi2/IN/1011026779-2020-08-11 14-28-46.csv
2020-09-19 08:51:19.484889
	DEF:  createResultFileName
		RESULT file name created:1011026779-2020-08-11 14-28-46_RESULT_X.csv
