2020-09-13 19:02:11.491480
	DEF:  createLogFile
		created
2020-09-13 19:02:11.492480
	DEF:  createResultFIleName
		RESULT file created:wqerwetas_asfsaf_RESULT.csv
2020-09-13 19:02:11.494480
	DEF:  <module>
		MALDI Converter Started
2020-09-13 19:02:11.495480
	DEF:  loadCSVfile
		filename:C:/Space/maldi2/IN/1011026779-2020-07-28 14-22-26.csv
2020-09-13 19:02:11.496480
	DEF:  loadCSVfile
		filename:C:/Space/maldi2/OUT2/20200811-1501-1011026779s-2020-08-11 14-28-46.csv
2020-09-13 19:02:11.500480
	DEF:  findMatchInOutFile
		match:  1011026779-2020-08-11 14-28-46.csv_AND_ 20200811-1501-1011026779f-2020-08-11 14-28-46.csv
		match:  1011026779-2020-08-11 14-28-46.csv_AND_ 20200811-1501-1011026779s-2020-08-11 14-28-46.csv
2020-09-13 19:03:19.635377
	DEF:  createResultFIleName
		RESULT file created:wqerwetas_asfsaf_RESULT.csv
2020-09-13 19:03:19.636377
	DEF:  <module>
		MALDI Converter Started
2020-09-13 19:03:19.637377
	DEF:  loadCSVfile
		filename:C:/Space/maldi2/IN/1011026779-2020-07-28 14-22-26.csv
2020-09-13 19:03:19.639377
	DEF:  loadCSVfile
		filename:C:/Space/maldi2/OUT2/20200811-1501-1011026779s-2020-08-11 14-28-46.csv
2020-09-13 19:03:19.644378
	DEF:  findMatchInOutFile
		match:  1011026779-2020-08-11 14-28-46.csv _AND_  20200811-1501-1011026779f-2020-08-11 14-28-46.csv
		match:  1011026779-2020-08-11 14-28-46.csv _AND_  20200811-1501-1011026779s-2020-08-11 14-28-46.csv
2020-09-13 19:14:34.883999
	DEF:  <module>
		MALDI Converter Started
2020-09-13 19:14:35.561038
	DEF:  loadCSVfile
		filename:C:/Space/maldi2/IN/1011026779-2020-07-28 14-22-26.csv
2020-09-13 19:14:35.563038
	DEF:  loadCSVfile
		filename:C:/Space/maldi2/OUT2/20200811-1501-1011026779s-2020-08-11 14-28-46.csv
2020-09-13 19:14:35.566038
	DEF:  findMatchInOutFile
		match:  1011026779-2020-08-11 14-28-46.csv _AND_  20200811-1501-1011026779f-2020-08-11 14-28-46.csv
		match:  1011026779-2020-08-11 14-28-46.csv _AND_  20200811-1501-1011026779s-2020-08-11 14-28-46.csv
2020-09-13 22:04:00.526441
	DEF:  <module>
		MALDI Converter Started
2020-09-13 22:04:00.966466
	DEF:  loadCSVfile
		filename:C:/Space/maldi2/IN/1011026779-2020-07-28 14-22-26.csv
2020-09-13 22:04:00.968466
	DEF:  loadCSVfile
		filename:C:/Space/maldi2/OUT2/20200811-1501-1011026779s-2020-08-11 14-28-46.csv
2020-09-13 22:04:00.973466
	DEF:  findMatchInOutFile
		match:  1011026779-2020-08-11 14-28-46.csv _AND_  20200811-1501-1011026779f-2020-08-11 14-28-46.csv
2020-09-13 22:05:10.552446
	DEF:  <module>
		MALDI Converter Started
2020-09-13 22:05:10.554446
	DEF:  loadCSVfile
		filename:C:/Space/maldi2/IN/1011026779-2020-07-28 14-22-26.csv
2020-09-13 22:05:10.555446
	DEF:  loadCSVfile
		filename:C:/Space/maldi2/OUT2/20200811-1501-1011026779s-2020-08-11 14-28-46.csv
2020-09-13 22:05:10.559446
	DEF:  findMatchInOutFile
		match:  1011026779-2020-08-11 14-28-46.csv _AND_  20200811-1501-1011026779f-2020-08-11 14-28-46.csv
		match:  1011026779-2020-08-11 14-28-46.csv _AND_  20200811-1501-1011026779s-2020-08-11 14-28-46.csv
2020-09-13 22:05:29.083506
	DEF:  <module>
		MALDI Converter Started
2020-09-13 22:05:29.085506
	DEF:  loadCSVfile
		filename:C:/Space/maldi2/IN/1011026779-2020-07-28 14-22-26.csv
2020-09-13 22:05:29.087506
	DEF:  loadCSVfile
		filename:C:/Space/maldi2/OUT2/20200811-1501-1011026779s-2020-08-11 14-28-46.csv
2020-09-13 22:05:29.091506
	DEF:  findMatchInOutFile
		match:  1011026779-2020-08-11 14-28-46.csv _AND_  20200811-1501-1011026779f-2020-08-11 14-28-46.csv
		match:  1011026779-2020-08-11 14-28-46.csv _AND_  20200811-1501-1011026779s-2020-08-11 14-28-46.csv
2020-09-13 22:05:43.873352
	DEF:  <module>
		MALDI Converter Started
2020-09-13 22:05:43.874352
	DEF:  loadCSVfile
		filename:C:/Space/maldi2/IN/1011026779-2020-07-28 14-22-26.csv
2020-09-13 22:05:43.876352
	DEF:  loadCSVfile
		filename:C:/Space/maldi2/OUT2/20200811-1501-1011026779s-2020-08-11 14-28-46.csv
2020-09-13 22:05:43.880352
	DEF:  findMatchInOutFile
		match:  1011026779-2020-08-11 14-28-46.csv _AND_  20200811-1501-1011026779f-2020-08-11 14-28-46.csv
		match:  1011026779-2020-08-11 14-28-46.csv _AND_  20200811-1501-1011026779s-2020-08-11 14-28-46.csv
2020-09-13 22:08:01.614230
	DEF:  <module>
		MALDI Converter Started
2020-09-13 22:08:01.616230
	DEF:  loadCSVfile
		filename:C:/Space/maldi2/IN/1011026779-2020-07-28 14-22-26.csv
2020-09-13 22:08:01.617230
	DEF:  loadCSVfile
		filename:C:/Space/maldi2/OUT2/20200811-1501-1011026779s-2020-08-11 14-28-46.csv
2020-09-13 22:08:01.621230
	DEF:  findMatchInOutFile
		match:  1011026779-2020-08-11 14-28-46.csv _AND_  20200811-1501-1011026779f-2020-08-11 14-28-46.csv
		match:  1011026779-2020-08-11 14-28-46.csv _AND_  20200811-1501-1011026779s-2020-08-11 14-28-46.csv
2020-09-13 22:08:21.698379
	DEF:  <module>
		MALDI Converter Started
2020-09-13 22:08:21.700379
	DEF:  loadCSVfile
		filename:C:/Space/maldi2/IN/1011026779-2020-07-28 14-22-26.csv
2020-09-13 22:08:21.701379
	DEF:  loadCSVfile
		filename:C:/Space/maldi2/OUT2/20200811-1501-1011026779s-2020-08-11 14-28-46.csv
2020-09-13 22:08:21.705379
	DEF:  findMatchInOutFile
		match:  1011026779-2020-08-11 14-28-46.csv _AND_  20200811-1501-1011026779f-2020-08-11 14-28-46.csv
		match:  1011026779-2020-08-11 14-28-46.csv _AND_  20200811-1501-1011026779s-2020-08-11 14-28-46.csv
		return: {'1011026779-2020-08-11 14-28-46.csv': ['20200811-1501-1011026779f-2020-08-11 14-28-46.csv', '20200811-1501-1011026779s-2020-08-11 14-28-46.csv']}
2020-09-13 22:21:02.207877
	DEF:  <module>
		MALDI Converter Started
2020-09-13 22:21:02.843914
	DEF:  loadCSVfile
		filename:C:/Space/maldi2/IN/1011026779-2020-07-28 14-22-26.csv
2020-09-13 22:21:02.845914
	DEF:  loadCSVfile
		filename:C:/Space/maldi2/OUT2/20200811-1501-1011026779s-2020-08-11 14-28-46.csv
2020-09-13 22:21:02.848914
	DEF:  findMatchInOutFile
		match:  1011026779-2020-08-11 14-28-46.csv _AND_  20200811-1501-1011026779f-2020-08-11 14-28-46.csv
		match:  1011026779-2020-08-11 14-28-46.csv _AND_  20200811-1501-1011026779s-2020-08-11 14-28-46.csv
		return: {'1011026779-2020-08-11 14-28-46.csv': ['20200811-1501-1011026779f-2020-08-11 14-28-46.csv', '20200811-1501-1011026779s-2020-08-11 14-28-46.csv']}
2020-09-13 22:21:02.879916
	DEF:  findMatchInOutFile
		match:  1011026779-2020-08-11 14-28-46.csv _AND_  20200811-1501-1011026779f-2020-08-11 14-28-46.csv
		match:  1011026779-2020-08-11 14-28-46.csv _AND_  20200811-1501-1011026779s-2020-08-11 14-28-46.csv
		return: {'1011026779-2020-08-11 14-28-46.csv': ['20200811-1501-1011026779f-2020-08-11 14-28-46.csv', '20200811-1501-1011026779s-2020-08-11 14-28-46.csv']}
