2020-10-15 23:00:33.876330
	DEF:  createLogFile
		createLogFile-created
2020-10-15 23:00:33.877329
	DEF:  <module>
		<module>-MALDI Converter Started
2020-10-15 23:00:33.878326
	DEF:  runthecheck
2020-10-15 23:00:33.878326
	DEF:  listinfiles
		listinfiles-return: ['1011025858-2020-09-29 09-48-01.csv', '1011026779-2020-09-29 09-48-05.csv', '1011026780-2020-09-22 15-42-59.csv']
2020-10-15 23:00:33.879324
	DEF:  listoutfiles
		listoutfiles-return: ['20200922-1613-1011026780-2020-09-22 15-42-59.csv', '20200929-1224-1011025858-2020-09-29 09-48-01.csv', '20200929-1230-1011026779-2020-09-29 09-48-05.csv']
2020-10-15 23:00:33.891327
	DEF:  findMatchedInOutFile
2020-10-15 23:00:33.892329
	DEF:  splitInfile
		splitInfile-return a split: ['1011025858', '2020-09-29 09-48-01', '1011025858-2020-09-29 09-48-01.csv']
2020-10-15 23:00:33.893316
	DEF:  splitInfile
		splitInfile-return a split: ['1011025858', '2020-09-29 09-48-01', '1011025858-2020-09-29 09-48-01.csv']
2020-10-15 23:00:33.894328
	DEF:  splitInfile
		splitInfile-return a split: ['1011025858', '2020-09-29 09-48-01', '1011025858-2020-09-29 09-48-01.csv']
		findMatchedInOutFile-match:  1011025858-2020-09-29 09-48-01.csv _AND_ 20200929-1224-1011025858-2020-09-29 09-48-01.csv
2020-10-15 23:00:33.894328
	DEF:  splitInfile
		splitInfile-return a split: ['1011025858', '2020-09-29 09-48-01', '1011025858-2020-09-29 09-48-01.csv']
2020-10-15 23:00:33.895311
	DEF:  splitInfile
		splitInfile-return a split: ['1011026779', '2020-09-29 09-48-05', '1011026779-2020-09-29 09-48-05.csv']
2020-10-15 23:00:33.896308
	DEF:  splitInfile
		splitInfile-return a split: ['1011026779', '2020-09-29 09-48-05', '1011026779-2020-09-29 09-48-05.csv']
2020-10-15 23:00:33.896308
	DEF:  splitInfile
		splitInfile-return a split: ['1011026779', '2020-09-29 09-48-05', '1011026779-2020-09-29 09-48-05.csv']
2020-10-15 23:00:33.897307
	DEF:  splitInfile
		splitInfile-return a split: ['1011026779', '2020-09-29 09-48-05', '1011026779-2020-09-29 09-48-05.csv']
		findMatchedInOutFile-match:  1011026779-2020-09-29 09-48-05.csv _AND_ 20200929-1230-1011026779-2020-09-29 09-48-05.csv
2020-10-15 23:00:33.898303
	DEF:  splitInfile
		splitInfile-return a split: ['1011026780', '2020-09-22 15-42-59', '1011026780-2020-09-22 15-42-59.csv']
2020-10-15 23:00:33.898303
	DEF:  splitInfile
		splitInfile-return a split: ['1011026780', '2020-09-22 15-42-59', '1011026780-2020-09-22 15-42-59.csv']
		findMatchedInOutFile-match:  1011026780-2020-09-22 15-42-59.csv _AND_ 20200922-1613-1011026780-2020-09-22 15-42-59.csv
2020-10-15 23:00:33.899299
	DEF:  splitInfile
		splitInfile-return a split: ['1011026780', '2020-09-22 15-42-59', '1011026780-2020-09-22 15-42-59.csv']
2020-10-15 23:00:33.899299
	DEF:  splitInfile
		splitInfile-return a split: ['1011026780', '2020-09-22 15-42-59', '1011026780-2020-09-22 15-42-59.csv']
		findMatchedInOutFile-return: {'1011025858-2020-09-29 09-48-01.csv': ['20200929-1224-1011025858-2020-09-29 09-48-01.csv'], '1011026779-2020-09-29 09-48-05.csv': ['20200929-1230-1011026779-2020-09-29 09-48-05.csv'], '1011026780-2020-09-22 15-42-59.csv': ['20200922-1613-1011026780-2020-09-22 15-42-59.csv']}
2020-10-15 23:00:33.902291
	DEF:  loadCSVfile
		loadCSVfile-filename:C:/gits/maldi2/IN/1011025858-2020-09-29 09-48-01.csv
2020-10-15 23:00:33.907277
	DEF:  loadCSVfile
		loadCSVfile-filename:C:/gits/maldi2/OUT2/20200929-1224-1011025858-2020-09-29 09-48-01.csv
2020-10-15 23:00:33.920247
	DEF:  createResultFileName
		createResultFileName-RESULT file name created:1011025858-2020-09-29 09-48-01_RESULT_X.csv
2020-10-15 23:00:33.923238
	DEF:  loadCSVfile
		loadCSVfile-filename:C:/gits/maldi2/IN/1011026779-2020-09-29 09-48-05.csv
2020-10-15 23:00:33.931215
	DEF:  loadCSVfile
		loadCSVfile-filename:C:/gits/maldi2/OUT2/20200929-1230-1011026779-2020-09-29 09-48-05.csv
2020-10-15 23:00:33.943182
	DEF:  createResultFileName
		createResultFileName-RESULT file name created:1011026779-2020-09-29 09-48-05_RESULT_X.csv
2020-10-15 23:00:33.946174
	DEF:  loadCSVfile
		loadCSVfile-filename:C:/gits/maldi2/IN/1011026780-2020-09-22 15-42-59.csv
2020-10-15 23:00:33.955152
	DEF:  loadCSVfile
		loadCSVfile-filename:C:/gits/maldi2/OUT2/20200922-1613-1011026780-2020-09-22 15-42-59.csv
2020-10-15 23:00:33.962373
	DEF:  createResultFileName
		createResultFileName-RESULT file name created:1011026780-2020-09-22 15-42-59_RESULT_X.csv
