2020-09-18 21:44:33.673687
	DEF:  createLogFile
		created
2020-09-18 21:44:33.674687
	DEF:  <module>
		MALDI Converter Started
2020-09-18 21:44:33.676687
	DEF:  loadCSVfile
		filename:C:/Space/maldi2/IN/1011026779-2020-07-28 14-22-26.csv
2020-09-18 21:44:33.695688
	DEF:  loadCSVfile
		filename:C:/Space/maldi2/OUT2/20200811-1501-1011026779s-2020-08-11 14-28-46.csv
2020-09-18 21:44:33.700689
	DEF:  findMatchInOutFile
		match:  1011026779-2020-08-11 14-28-46.csv _AND_  20200811-1501-1011026779f-2020-08-11 14-28-46.csv
		match:  1011026779-2020-08-11 14-28-46.csv _AND_  20200811-1501-1011026779s-2020-08-11 14-28-46.csv
		return: {'1011026779-2020-08-11 14-28-46.csv': ['20200811-1501-1011026779f-2020-08-11 14-28-46.csv', '20200811-1501-1011026779s-2020-08-11 14-28-46.csv']}
2020-09-18 21:44:33.703689
	DEF:  findMatchInOutFile
		match:  1011026779-2020-08-11 14-28-46.csv _AND_  20200811-1501-1011026779f-2020-08-11 14-28-46.csv
		match:  1011026779-2020-08-11 14-28-46.csv _AND_  20200811-1501-1011026779s-2020-08-11 14-28-46.csv
		return: {'1011026779-2020-08-11 14-28-46.csv': ['20200811-1501-1011026779f-2020-08-11 14-28-46.csv', '20200811-1501-1011026779s-2020-08-11 14-28-46.csv']}
2020-09-18 21:44:33.706689
	DEF:  loadCSVfile
		filename:C:/Space/maldi2/IN/1011026779-2020-08-11 14-28-46.csv
2020-09-18 21:44:33.708689
	DEF:  loadCSVfile
		filename:C:/Space/maldi2/OUT2/20200811-1501-1011026779s-2020-08-11 14-28-46.csv
2020-09-18 21:44:33.710689
	DEF:  loadCSVfile
		filename:C:/Space/maldi2/OUT2/20200811-1501-1011026779f-2020-08-11 14-28-46.csv
2020-09-18 21:44:33.712689
	DEF:  loadCSVfile
		filename:C:/Space/maldi2/IN/1011026779-2020-08-11 14-28-46.csv
2020-09-18 21:44:33.714689
	DEF:  createResultFileName
		RESULT file name created:1011026779-2020-08-11 14-28-46_RESULT_X.csv
2020-09-18 22:12:51.381790
	DEF:  <module>
		MALDI Converter Started
2020-09-18 22:12:51.397791
	DEF:  loadCSVfile
		filename:C:/Space/maldi2/IN/1011026779-2020-07-28 14-22-26.csv
2020-09-18 22:12:51.408792
	DEF:  loadCSVfile
		filename:C:/Space/maldi2/OUT2/20200811-1501-1011026779s-2020-08-11 14-28-46.csv
2020-09-18 22:12:51.412792
	DEF:  findMatchInOutFile
		match:  1011026779-2020-08-11 14-28-46.csv _AND_  20200811-1501-1011026779f-2020-08-11 14-28-46.csv
		match:  1011026779-2020-08-11 14-28-46.csv _AND_  20200811-1501-1011026779s-2020-08-11 14-28-46.csv
		return: {'1011026779-2020-08-11 14-28-46.csv': ['20200811-1501-1011026779f-2020-08-11 14-28-46.csv', '20200811-1501-1011026779s-2020-08-11 14-28-46.csv']}
2020-09-18 22:12:51.415792
	DEF:  findMatchInOutFile
		match:  1011026779-2020-08-11 14-28-46.csv _AND_  20200811-1501-1011026779f-2020-08-11 14-28-46.csv
		match:  1011026779-2020-08-11 14-28-46.csv _AND_  20200811-1501-1011026779s-2020-08-11 14-28-46.csv
		return: {'1011026779-2020-08-11 14-28-46.csv': ['20200811-1501-1011026779f-2020-08-11 14-28-46.csv', '20200811-1501-1011026779s-2020-08-11 14-28-46.csv']}
2020-09-18 22:12:51.418793
	DEF:  loadCSVfile
		filename:C:/Space/maldi2/IN/1011026779-2020-08-11 14-28-46.csv
2020-09-18 22:12:51.420793
	DEF:  loadCSVfile
		filename:C:/Space/maldi2/OUT2/20200811-1501-1011026779s-2020-08-11 14-28-46.csv
2020-09-18 22:12:51.422793
	DEF:  loadCSVfile
		filename:C:/Space/maldi2/OUT2/20200811-1501-1011026779f-2020-08-11 14-28-46.csv
2020-09-18 22:12:51.423793
	DEF:  loadCSVfile
		filename:C:/Space/maldi2/IN/1011026779-2020-08-11 14-28-46.csv
2020-09-18 22:12:51.425793
	DEF:  createResultFileName
		RESULT file name created:1011026779-2020-08-11 14-28-46_RESULT_X.csv
2020-09-18 22:26:24.936323
	DEF:  <module>
		MALDI Converter Started
2020-09-18 22:26:24.937323
	DEF:  loadCSVfile
		filename:C:/Space/maldi2/IN/1011026779-2020-07-28 14-22-26.csv
2020-09-18 22:26:24.939323
	DEF:  loadCSVfile
		filename:C:/Space/maldi2/OUT2/20200811-1501-1011026779s-2020-08-11 14-28-46.csv
2020-09-18 22:26:24.943324
	DEF:  findMatchInOutFile
		match:  1011026779-2020-08-11 14-28-46.csv _AND_  20200811-1501-1011026779f-2020-08-11 14-28-46.csv
		match:  1011026779-2020-08-11 14-28-46.csv _AND_  20200811-1501-1011026779s-2020-08-11 14-28-46.csv
		return: {'1011026779-2020-08-11 14-28-46.csv': ['20200811-1501-1011026779f-2020-08-11 14-28-46.csv', '20200811-1501-1011026779s-2020-08-11 14-28-46.csv']}
2020-09-18 22:26:24.946324
	DEF:  findMatchInOutFile
		match:  1011026779-2020-08-11 14-28-46.csv _AND_  20200811-1501-1011026779f-2020-08-11 14-28-46.csv
		match:  1011026779-2020-08-11 14-28-46.csv _AND_  20200811-1501-1011026779s-2020-08-11 14-28-46.csv
		return: {'1011026779-2020-08-11 14-28-46.csv': ['20200811-1501-1011026779f-2020-08-11 14-28-46.csv', '20200811-1501-1011026779s-2020-08-11 14-28-46.csv']}
2020-09-18 22:26:24.949324
	DEF:  loadCSVfile
		filename:C:/Space/maldi2/IN/1011026779-2020-08-11 14-28-46.csv
2020-09-18 22:26:24.951324
	DEF:  loadCSVfile
		filename:C:/Space/maldi2/OUT2/20200811-1501-1011026779s-2020-08-11 14-28-46.csv
2020-09-18 22:26:24.953324
	DEF:  loadCSVfile
		filename:C:/Space/maldi2/OUT2/20200811-1501-1011026779f-2020-08-11 14-28-46.csv
2020-09-18 22:26:24.954324
	DEF:  loadCSVfile
		filename:C:/Space/maldi2/IN/1011026779-2020-08-11 14-28-46.csv
2020-09-18 22:26:24.956324
	DEF:  createResultFileName
		RESULT file name created:1011026779-2020-08-11 14-28-46_RESULT_X.csv
