2020-09-17 20:07:01.971192
	DEF:  createLogFile
		created
2020-09-17 20:07:01.973192
	DEF:  <module>
		MALDI Converter Started
2020-09-17 20:07:01.974192
	DEF:  loadCSVfile
		filename:C:/Space/maldi2/IN/1011026779-2020-07-28 14-22-26.csv
2020-09-17 20:07:02.008194
	DEF:  loadCSVfile
		filename:C:/Space/maldi2/OUT2/20200811-1501-1011026779s-2020-08-11 14-28-46.csv
2020-09-17 20:07:02.013194
	DEF:  findMatchInOutFile
		match:  1011026779-2020-08-11 14-28-46.csv _AND_  20200811-1501-1011026779f-2020-08-11 14-28-46.csv
		match:  1011026779-2020-08-11 14-28-46.csv _AND_  20200811-1501-1011026779s-2020-08-11 14-28-46.csv
		return: {'1011026779-2020-08-11 14-28-46.csv': ['20200811-1501-1011026779f-2020-08-11 14-28-46.csv', '20200811-1501-1011026779s-2020-08-11 14-28-46.csv']}
2020-09-17 20:07:02.016194
	DEF:  findMatchInOutFile
		match:  1011026779-2020-08-11 14-28-46.csv _AND_  20200811-1501-1011026779f-2020-08-11 14-28-46.csv
		match:  1011026779-2020-08-11 14-28-46.csv _AND_  20200811-1501-1011026779s-2020-08-11 14-28-46.csv
		return: {'1011026779-2020-08-11 14-28-46.csv': ['20200811-1501-1011026779f-2020-08-11 14-28-46.csv', '20200811-1501-1011026779s-2020-08-11 14-28-46.csv']}
2020-09-17 20:07:02.019194
	DEF:  loadCSVfile
		filename:C:/Space/maldi2/IN/1011026779-2020-08-11 14-28-46.csv
2020-09-17 20:07:02.021194
	DEF:  loadCSVfile
		filename:C:/Space/maldi2/OUT2/20200811-1501-1011026779s-2020-08-11 14-28-46.csv
2020-09-17 20:07:02.023195
	DEF:  loadCSVfile
		filename:C:/Space/maldi2/OUT2/20200811-1501-1011026779f-2020-08-11 14-28-46.csv
2020-09-17 20:28:21.614383
	DEF:  <module>
		MALDI Converter Started
2020-09-17 20:28:22.289422
	DEF:  loadCSVfile
		filename:C:/Space/maldi2/IN/1011026779-2020-07-28 14-22-26.csv
2020-09-17 20:28:22.291422
	DEF:  loadCSVfile
		filename:C:/Space/maldi2/OUT2/20200811-1501-1011026779s-2020-08-11 14-28-46.csv
2020-09-17 20:28:22.295422
	DEF:  findMatchInOutFile
		match:  1011026779-2020-08-11 14-28-46.csv _AND_  20200811-1501-1011026779f-2020-08-11 14-28-46.csv
		match:  1011026779-2020-08-11 14-28-46.csv _AND_  20200811-1501-1011026779s-2020-08-11 14-28-46.csv
		return: {'1011026779-2020-08-11 14-28-46.csv': ['20200811-1501-1011026779f-2020-08-11 14-28-46.csv', '20200811-1501-1011026779s-2020-08-11 14-28-46.csv']}
2020-09-17 20:28:22.322423
	DEF:  findMatchInOutFile
		match:  1011026779-2020-08-11 14-28-46.csv _AND_  20200811-1501-1011026779f-2020-08-11 14-28-46.csv
		match:  1011026779-2020-08-11 14-28-46.csv _AND_  20200811-1501-1011026779s-2020-08-11 14-28-46.csv
		return: {'1011026779-2020-08-11 14-28-46.csv': ['20200811-1501-1011026779f-2020-08-11 14-28-46.csv', '20200811-1501-1011026779s-2020-08-11 14-28-46.csv']}
2020-09-17 20:28:22.342425
	DEF:  loadCSVfile
		filename:C:/Space/maldi2/IN/1011026779-2020-08-11 14-28-46.csv
2020-09-17 20:28:22.344425
	DEF:  loadCSVfile
		filename:C:/Space/maldi2/OUT2/20200811-1501-1011026779s-2020-08-11 14-28-46.csv
2020-09-17 20:28:22.346425
	DEF:  loadCSVfile
		filename:C:/Space/maldi2/OUT2/20200811-1501-1011026779f-2020-08-11 14-28-46.csv
2020-09-17 20:28:41.835540
	DEF:  <module>
		MALDI Converter Started
2020-09-17 20:28:41.836540
	DEF:  loadCSVfile
		filename:C:/Space/maldi2/IN/1011026779-2020-07-28 14-22-26.csv
2020-09-17 20:28:41.838540
	DEF:  loadCSVfile
		filename:C:/Space/maldi2/OUT2/20200811-1501-1011026779s-2020-08-11 14-28-46.csv
2020-09-17 20:28:41.843540
	DEF:  findMatchInOutFile
		match:  1011026779-2020-08-11 14-28-46.csv _AND_  20200811-1501-1011026779f-2020-08-11 14-28-46.csv
		match:  1011026779-2020-08-11 14-28-46.csv _AND_  20200811-1501-1011026779s-2020-08-11 14-28-46.csv
		return: {'1011026779-2020-08-11 14-28-46.csv': ['20200811-1501-1011026779f-2020-08-11 14-28-46.csv', '20200811-1501-1011026779s-2020-08-11 14-28-46.csv']}
2020-09-17 20:28:41.845540
	DEF:  findMatchInOutFile
		match:  1011026779-2020-08-11 14-28-46.csv _AND_  20200811-1501-1011026779f-2020-08-11 14-28-46.csv
		match:  1011026779-2020-08-11 14-28-46.csv _AND_  20200811-1501-1011026779s-2020-08-11 14-28-46.csv
		return: {'1011026779-2020-08-11 14-28-46.csv': ['20200811-1501-1011026779f-2020-08-11 14-28-46.csv', '20200811-1501-1011026779s-2020-08-11 14-28-46.csv']}
2020-09-17 20:28:41.848540
	DEF:  loadCSVfile
		filename:C:/Space/maldi2/IN/1011026779-2020-08-11 14-28-46.csv
2020-09-17 20:28:41.850540
	DEF:  loadCSVfile
		filename:C:/Space/maldi2/OUT2/20200811-1501-1011026779s-2020-08-11 14-28-46.csv
2020-09-17 20:28:41.852541
	DEF:  loadCSVfile
		filename:C:/Space/maldi2/OUT2/20200811-1501-1011026779f-2020-08-11 14-28-46.csv
2020-09-17 20:28:41.859541
	DEF:  loadCSVfile
		filename:1011026779-2020-08-11 14-28-46.csv
2020-09-17 20:29:20.008723
	DEF:  <module>
		MALDI Converter Started
2020-09-17 20:29:20.011723
	DEF:  loadCSVfile
		filename:C:/Space/maldi2/IN/1011026779-2020-07-28 14-22-26.csv
2020-09-17 20:29:20.013723
	DEF:  loadCSVfile
		filename:C:/Space/maldi2/OUT2/20200811-1501-1011026779s-2020-08-11 14-28-46.csv
2020-09-17 20:29:20.017723
	DEF:  findMatchInOutFile
		match:  1011026779-2020-08-11 14-28-46.csv _AND_  20200811-1501-1011026779f-2020-08-11 14-28-46.csv
		match:  1011026779-2020-08-11 14-28-46.csv _AND_  20200811-1501-1011026779s-2020-08-11 14-28-46.csv
		return: {'1011026779-2020-08-11 14-28-46.csv': ['20200811-1501-1011026779f-2020-08-11 14-28-46.csv', '20200811-1501-1011026779s-2020-08-11 14-28-46.csv']}
2020-09-17 20:29:20.020724
	DEF:  findMatchInOutFile
		match:  1011026779-2020-08-11 14-28-46.csv _AND_  20200811-1501-1011026779f-2020-08-11 14-28-46.csv
		match:  1011026779-2020-08-11 14-28-46.csv _AND_  20200811-1501-1011026779s-2020-08-11 14-28-46.csv
		return: {'1011026779-2020-08-11 14-28-46.csv': ['20200811-1501-1011026779f-2020-08-11 14-28-46.csv', '20200811-1501-1011026779s-2020-08-11 14-28-46.csv']}
2020-09-17 20:29:20.023724
	DEF:  loadCSVfile
		filename:C:/Space/maldi2/IN/1011026779-2020-08-11 14-28-46.csv
2020-09-17 20:29:20.024724
	DEF:  loadCSVfile
		filename:C:/Space/maldi2/OUT2/20200811-1501-1011026779s-2020-08-11 14-28-46.csv
2020-09-17 20:29:20.027724
	DEF:  loadCSVfile
		filename:C:/Space/maldi2/OUT2/20200811-1501-1011026779f-2020-08-11 14-28-46.csv
2020-09-17 20:29:20.032724
	DEF:  loadCSVfile
		filename:C:/Space/maldi2/IN/1011026779-2020-08-11 14-28-46.csv
2020-09-17 20:31:03.746656
	DEF:  <module>
		MALDI Converter Started
2020-09-17 20:31:03.748656
	DEF:  loadCSVfile
		filename:C:/Space/maldi2/IN/1011026779-2020-07-28 14-22-26.csv
2020-09-17 20:31:03.749657
	DEF:  loadCSVfile
		filename:C:/Space/maldi2/OUT2/20200811-1501-1011026779s-2020-08-11 14-28-46.csv
2020-09-17 20:31:03.753657
	DEF:  findMatchInOutFile
		match:  1011026779-2020-08-11 14-28-46.csv _AND_  20200811-1501-1011026779f-2020-08-11 14-28-46.csv
		match:  1011026779-2020-08-11 14-28-46.csv _AND_  20200811-1501-1011026779s-2020-08-11 14-28-46.csv
		return: {'1011026779-2020-08-11 14-28-46.csv': ['20200811-1501-1011026779f-2020-08-11 14-28-46.csv', '20200811-1501-1011026779s-2020-08-11 14-28-46.csv']}
2020-09-17 20:31:03.758657
	DEF:  findMatchInOutFile
		match:  1011026779-2020-08-11 14-28-46.csv _AND_  20200811-1501-1011026779f-2020-08-11 14-28-46.csv
		match:  1011026779-2020-08-11 14-28-46.csv _AND_  20200811-1501-1011026779s-2020-08-11 14-28-46.csv
		return: {'1011026779-2020-08-11 14-28-46.csv': ['20200811-1501-1011026779f-2020-08-11 14-28-46.csv', '20200811-1501-1011026779s-2020-08-11 14-28-46.csv']}
2020-09-17 20:31:03.760657
	DEF:  loadCSVfile
		filename:C:/Space/maldi2/IN/1011026779-2020-08-11 14-28-46.csv
2020-09-17 20:31:03.762657
	DEF:  loadCSVfile
		filename:C:/Space/maldi2/OUT2/20200811-1501-1011026779s-2020-08-11 14-28-46.csv
2020-09-17 20:31:03.764657
	DEF:  loadCSVfile
		filename:C:/Space/maldi2/OUT2/20200811-1501-1011026779f-2020-08-11 14-28-46.csv
2020-09-17 20:31:03.779658
	DEF:  loadCSVfile
		filename:C:/Space/maldi2/IN/1011026779-2020-08-11 14-28-46.csv
2020-09-17 20:43:09.033140
	DEF:  <module>
		MALDI Converter Started
2020-09-17 20:43:09.667177
	DEF:  loadCSVfile
		filename:C:/Space/maldi2/IN/1011026779-2020-07-28 14-22-26.csv
2020-09-17 20:43:09.669177
	DEF:  loadCSVfile
		filename:C:/Space/maldi2/OUT2/20200811-1501-1011026779s-2020-08-11 14-28-46.csv
2020-09-17 20:43:09.672177
	DEF:  findMatchInOutFile
		match:  1011026779-2020-08-11 14-28-46.csv _AND_  20200811-1501-1011026779f-2020-08-11 14-28-46.csv
		match:  1011026779-2020-08-11 14-28-46.csv _AND_  20200811-1501-1011026779s-2020-08-11 14-28-46.csv
		return: {'1011026779-2020-08-11 14-28-46.csv': ['20200811-1501-1011026779f-2020-08-11 14-28-46.csv', '20200811-1501-1011026779s-2020-08-11 14-28-46.csv']}
2020-09-17 20:43:09.705179
	DEF:  findMatchInOutFile
		match:  1011026779-2020-08-11 14-28-46.csv _AND_  20200811-1501-1011026779f-2020-08-11 14-28-46.csv
		match:  1011026779-2020-08-11 14-28-46.csv _AND_  20200811-1501-1011026779s-2020-08-11 14-28-46.csv
		return: {'1011026779-2020-08-11 14-28-46.csv': ['20200811-1501-1011026779f-2020-08-11 14-28-46.csv', '20200811-1501-1011026779s-2020-08-11 14-28-46.csv']}
2020-09-17 20:43:09.708179
	DEF:  loadCSVfile
		filename:C:/Space/maldi2/IN/1011026779-2020-08-11 14-28-46.csv
2020-09-17 20:43:09.710179
	DEF:  loadCSVfile
		filename:C:/Space/maldi2/OUT2/20200811-1501-1011026779s-2020-08-11 14-28-46.csv
2020-09-17 20:43:09.712179
	DEF:  loadCSVfile
		filename:C:/Space/maldi2/OUT2/20200811-1501-1011026779f-2020-08-11 14-28-46.csv
2020-09-17 20:43:09.720180
	DEF:  loadCSVfile
		filename:C:/Space/maldi2/IN/1011026779-2020-08-11 14-28-46.csv
2020-09-17 20:46:09.321452
	DEF:  <module>
		MALDI Converter Started
2020-09-17 20:46:09.323452
	DEF:  loadCSVfile
		filename:C:/Space/maldi2/IN/1011026779-2020-07-28 14-22-26.csv
2020-09-17 20:46:09.325453
	DEF:  loadCSVfile
		filename:C:/Space/maldi2/OUT2/20200811-1501-1011026779s-2020-08-11 14-28-46.csv
2020-09-17 20:46:09.329453
	DEF:  findMatchInOutFile
		match:  1011026779-2020-08-11 14-28-46.csv _AND_  20200811-1501-1011026779f-2020-08-11 14-28-46.csv
		match:  1011026779-2020-08-11 14-28-46.csv _AND_  20200811-1501-1011026779s-2020-08-11 14-28-46.csv
		return: {'1011026779-2020-08-11 14-28-46.csv': ['20200811-1501-1011026779f-2020-08-11 14-28-46.csv', '20200811-1501-1011026779s-2020-08-11 14-28-46.csv']}
2020-09-17 20:46:09.332453
	DEF:  findMatchInOutFile
		match:  1011026779-2020-08-11 14-28-46.csv _AND_  20200811-1501-1011026779f-2020-08-11 14-28-46.csv
		match:  1011026779-2020-08-11 14-28-46.csv _AND_  20200811-1501-1011026779s-2020-08-11 14-28-46.csv
		return: {'1011026779-2020-08-11 14-28-46.csv': ['20200811-1501-1011026779f-2020-08-11 14-28-46.csv', '20200811-1501-1011026779s-2020-08-11 14-28-46.csv']}
2020-09-17 20:46:09.335453
	DEF:  loadCSVfile
		filename:C:/Space/maldi2/IN/1011026779-2020-08-11 14-28-46.csv
2020-09-17 20:46:09.337453
	DEF:  loadCSVfile
		filename:C:/Space/maldi2/OUT2/20200811-1501-1011026779s-2020-08-11 14-28-46.csv
2020-09-17 20:46:09.339453
	DEF:  loadCSVfile
		filename:C:/Space/maldi2/OUT2/20200811-1501-1011026779f-2020-08-11 14-28-46.csv
2020-09-17 20:46:09.343454
	DEF:  loadCSVfile
		filename:C:/Space/maldi2/IN/1011026779-2020-08-11 14-28-46.csv
2020-09-17 20:47:59.794771
	DEF:  <module>
		MALDI Converter Started
2020-09-17 20:47:59.795771
	DEF:  loadCSVfile
		filename:C:/Space/maldi2/IN/1011026779-2020-07-28 14-22-26.csv
2020-09-17 20:47:59.797771
	DEF:  loadCSVfile
		filename:C:/Space/maldi2/OUT2/20200811-1501-1011026779s-2020-08-11 14-28-46.csv
2020-09-17 20:47:59.801771
	DEF:  findMatchInOutFile
		match:  1011026779-2020-08-11 14-28-46.csv _AND_  20200811-1501-1011026779f-2020-08-11 14-28-46.csv
		match:  1011026779-2020-08-11 14-28-46.csv _AND_  20200811-1501-1011026779s-2020-08-11 14-28-46.csv
		return: {'1011026779-2020-08-11 14-28-46.csv': ['20200811-1501-1011026779f-2020-08-11 14-28-46.csv', '20200811-1501-1011026779s-2020-08-11 14-28-46.csv']}
2020-09-17 20:47:59.804772
	DEF:  findMatchInOutFile
		match:  1011026779-2020-08-11 14-28-46.csv _AND_  20200811-1501-1011026779f-2020-08-11 14-28-46.csv
		match:  1011026779-2020-08-11 14-28-46.csv _AND_  20200811-1501-1011026779s-2020-08-11 14-28-46.csv
		return: {'1011026779-2020-08-11 14-28-46.csv': ['20200811-1501-1011026779f-2020-08-11 14-28-46.csv', '20200811-1501-1011026779s-2020-08-11 14-28-46.csv']}
2020-09-17 20:47:59.807772
	DEF:  loadCSVfile
		filename:C:/Space/maldi2/IN/1011026779-2020-08-11 14-28-46.csv
2020-09-17 20:47:59.808772
	DEF:  loadCSVfile
		filename:C:/Space/maldi2/OUT2/20200811-1501-1011026779s-2020-08-11 14-28-46.csv
2020-09-17 20:47:59.810772
	DEF:  loadCSVfile
		filename:C:/Space/maldi2/OUT2/20200811-1501-1011026779f-2020-08-11 14-28-46.csv
2020-09-17 20:47:59.817772
	DEF:  loadCSVfile
		filename:C:/Space/maldi2/IN/1011026779-2020-08-11 14-28-46.csv
2020-09-17 20:51:11.646744
	DEF:  <module>
		MALDI Converter Started
2020-09-17 20:51:11.648744
	DEF:  loadCSVfile
		filename:C:/Space/maldi2/IN/1011026779-2020-07-28 14-22-26.csv
2020-09-17 20:51:11.649744
	DEF:  loadCSVfile
		filename:C:/Space/maldi2/OUT2/20200811-1501-1011026779s-2020-08-11 14-28-46.csv
2020-09-17 20:51:11.654745
	DEF:  findMatchInOutFile
		match:  1011026779-2020-08-11 14-28-46.csv _AND_  20200811-1501-1011026779f-2020-08-11 14-28-46.csv
		match:  1011026779-2020-08-11 14-28-46.csv _AND_  20200811-1501-1011026779s-2020-08-11 14-28-46.csv
		return: {'1011026779-2020-08-11 14-28-46.csv': ['20200811-1501-1011026779f-2020-08-11 14-28-46.csv', '20200811-1501-1011026779s-2020-08-11 14-28-46.csv']}
2020-09-17 20:51:11.658745
	DEF:  findMatchInOutFile
		match:  1011026779-2020-08-11 14-28-46.csv _AND_  20200811-1501-1011026779f-2020-08-11 14-28-46.csv
		match:  1011026779-2020-08-11 14-28-46.csv _AND_  20200811-1501-1011026779s-2020-08-11 14-28-46.csv
		return: {'1011026779-2020-08-11 14-28-46.csv': ['20200811-1501-1011026779f-2020-08-11 14-28-46.csv', '20200811-1501-1011026779s-2020-08-11 14-28-46.csv']}
2020-09-17 20:51:11.662745
	DEF:  loadCSVfile
		filename:C:/Space/maldi2/IN/1011026779-2020-08-11 14-28-46.csv
2020-09-17 20:51:11.664745
	DEF:  loadCSVfile
		filename:C:/Space/maldi2/OUT2/20200811-1501-1011026779s-2020-08-11 14-28-46.csv
2020-09-17 20:51:11.666745
	DEF:  loadCSVfile
		filename:C:/Space/maldi2/OUT2/20200811-1501-1011026779f-2020-08-11 14-28-46.csv
2020-09-17 20:51:11.672746
	DEF:  loadCSVfile
		filename:C:/Space/maldi2/IN/1011026779-2020-08-11 14-28-46.csv
2020-09-17 20:51:23.722435
	DEF:  <module>
		MALDI Converter Started
2020-09-17 20:51:23.724435
	DEF:  loadCSVfile
		filename:C:/Space/maldi2/IN/1011026779-2020-07-28 14-22-26.csv
2020-09-17 20:51:23.726435
	DEF:  loadCSVfile
		filename:C:/Space/maldi2/OUT2/20200811-1501-1011026779s-2020-08-11 14-28-46.csv
2020-09-17 20:51:23.733436
	DEF:  findMatchInOutFile
		match:  1011026779-2020-08-11 14-28-46.csv _AND_  20200811-1501-1011026779f-2020-08-11 14-28-46.csv
		match:  1011026779-2020-08-11 14-28-46.csv _AND_  20200811-1501-1011026779s-2020-08-11 14-28-46.csv
		return: {'1011026779-2020-08-11 14-28-46.csv': ['20200811-1501-1011026779f-2020-08-11 14-28-46.csv', '20200811-1501-1011026779s-2020-08-11 14-28-46.csv']}
2020-09-17 20:51:23.736436
	DEF:  findMatchInOutFile
		match:  1011026779-2020-08-11 14-28-46.csv _AND_  20200811-1501-1011026779f-2020-08-11 14-28-46.csv
		match:  1011026779-2020-08-11 14-28-46.csv _AND_  20200811-1501-1011026779s-2020-08-11 14-28-46.csv
		return: {'1011026779-2020-08-11 14-28-46.csv': ['20200811-1501-1011026779f-2020-08-11 14-28-46.csv', '20200811-1501-1011026779s-2020-08-11 14-28-46.csv']}
2020-09-17 20:51:23.741436
	DEF:  loadCSVfile
		filename:C:/Space/maldi2/IN/1011026779-2020-08-11 14-28-46.csv
2020-09-17 20:51:23.743436
	DEF:  loadCSVfile
		filename:C:/Space/maldi2/OUT2/20200811-1501-1011026779s-2020-08-11 14-28-46.csv
2020-09-17 20:51:23.745436
	DEF:  loadCSVfile
		filename:C:/Space/maldi2/OUT2/20200811-1501-1011026779f-2020-08-11 14-28-46.csv
2020-09-17 20:51:23.749437
	DEF:  loadCSVfile
		filename:C:/Space/maldi2/IN/1011026779-2020-08-11 14-28-46.csv
2020-09-17 20:51:53.289126
	DEF:  <module>
		MALDI Converter Started
2020-09-17 20:51:53.291126
	DEF:  loadCSVfile
		filename:C:/Space/maldi2/IN/1011026779-2020-07-28 14-22-26.csv
2020-09-17 20:51:53.293126
	DEF:  loadCSVfile
		filename:C:/Space/maldi2/OUT2/20200811-1501-1011026779s-2020-08-11 14-28-46.csv
2020-09-17 20:51:53.300127
	DEF:  findMatchInOutFile
		match:  1011026779-2020-08-11 14-28-46.csv _AND_  20200811-1501-1011026779f-2020-08-11 14-28-46.csv
		match:  1011026779-2020-08-11 14-28-46.csv _AND_  20200811-1501-1011026779s-2020-08-11 14-28-46.csv
		return: {'1011026779-2020-08-11 14-28-46.csv': ['20200811-1501-1011026779f-2020-08-11 14-28-46.csv', '20200811-1501-1011026779s-2020-08-11 14-28-46.csv']}
2020-09-17 20:51:53.305127
	DEF:  findMatchInOutFile
		match:  1011026779-2020-08-11 14-28-46.csv _AND_  20200811-1501-1011026779f-2020-08-11 14-28-46.csv
		match:  1011026779-2020-08-11 14-28-46.csv _AND_  20200811-1501-1011026779s-2020-08-11 14-28-46.csv
		return: {'1011026779-2020-08-11 14-28-46.csv': ['20200811-1501-1011026779f-2020-08-11 14-28-46.csv', '20200811-1501-1011026779s-2020-08-11 14-28-46.csv']}
2020-09-17 20:51:53.311127
	DEF:  loadCSVfile
		filename:C:/Space/maldi2/IN/1011026779-2020-08-11 14-28-46.csv
2020-09-17 20:51:53.313127
	DEF:  loadCSVfile
		filename:C:/Space/maldi2/OUT2/20200811-1501-1011026779s-2020-08-11 14-28-46.csv
2020-09-17 20:51:53.315128
	DEF:  loadCSVfile
		filename:C:/Space/maldi2/OUT2/20200811-1501-1011026779f-2020-08-11 14-28-46.csv
2020-09-17 20:51:53.320128
	DEF:  loadCSVfile
		filename:C:/Space/maldi2/IN/1011026779-2020-08-11 14-28-46.csv
2020-09-17 21:02:27.836420
	DEF:  <module>
		MALDI Converter Started
2020-09-17 21:02:27.837420
	DEF:  loadCSVfile
		filename:C:/Space/maldi2/IN/1011026779-2020-07-28 14-22-26.csv
2020-09-17 21:02:27.839420
	DEF:  loadCSVfile
		filename:C:/Space/maldi2/OUT2/20200811-1501-1011026779s-2020-08-11 14-28-46.csv
2020-09-17 21:02:27.843421
	DEF:  findMatchInOutFile
		match:  1011026779-2020-08-11 14-28-46.csv _AND_  20200811-1501-1011026779f-2020-08-11 14-28-46.csv
		match:  1011026779-2020-08-11 14-28-46.csv _AND_  20200811-1501-1011026779s-2020-08-11 14-28-46.csv
		return: {'1011026779-2020-08-11 14-28-46.csv': ['20200811-1501-1011026779f-2020-08-11 14-28-46.csv', '20200811-1501-1011026779s-2020-08-11 14-28-46.csv']}
2020-09-17 21:02:27.846421
	DEF:  findMatchInOutFile
		match:  1011026779-2020-08-11 14-28-46.csv _AND_  20200811-1501-1011026779f-2020-08-11 14-28-46.csv
		match:  1011026779-2020-08-11 14-28-46.csv _AND_  20200811-1501-1011026779s-2020-08-11 14-28-46.csv
		return: {'1011026779-2020-08-11 14-28-46.csv': ['20200811-1501-1011026779f-2020-08-11 14-28-46.csv', '20200811-1501-1011026779s-2020-08-11 14-28-46.csv']}
2020-09-17 21:02:27.848421
	DEF:  loadCSVfile
		filename:C:/Space/maldi2/IN/1011026779-2020-08-11 14-28-46.csv
2020-09-17 21:02:27.850421
	DEF:  loadCSVfile
		filename:C:/Space/maldi2/OUT2/20200811-1501-1011026779s-2020-08-11 14-28-46.csv
2020-09-17 21:02:27.852421
	DEF:  loadCSVfile
		filename:C:/Space/maldi2/OUT2/20200811-1501-1011026779f-2020-08-11 14-28-46.csv
2020-09-17 21:02:27.858421
	DEF:  loadCSVfile
		filename:C:/Space/maldi2/IN/1011026779-2020-08-11 14-28-46.csv
2020-09-17 21:04:05.319996
	DEF:  <module>
		MALDI Converter Started
2020-09-17 21:04:05.320996
	DEF:  loadCSVfile
		filename:C:/Space/maldi2/IN/1011026779-2020-07-28 14-22-26.csv
2020-09-17 21:04:05.322996
	DEF:  loadCSVfile
		filename:C:/Space/maldi2/OUT2/20200811-1501-1011026779s-2020-08-11 14-28-46.csv
2020-09-17 21:04:05.326996
	DEF:  findMatchInOutFile
		match:  1011026779-2020-08-11 14-28-46.csv _AND_  20200811-1501-1011026779f-2020-08-11 14-28-46.csv
		match:  1011026779-2020-08-11 14-28-46.csv _AND_  20200811-1501-1011026779s-2020-08-11 14-28-46.csv
		return: {'1011026779-2020-08-11 14-28-46.csv': ['20200811-1501-1011026779f-2020-08-11 14-28-46.csv', '20200811-1501-1011026779s-2020-08-11 14-28-46.csv']}
2020-09-17 21:04:05.329996
	DEF:  findMatchInOutFile
		match:  1011026779-2020-08-11 14-28-46.csv _AND_  20200811-1501-1011026779f-2020-08-11 14-28-46.csv
		match:  1011026779-2020-08-11 14-28-46.csv _AND_  20200811-1501-1011026779s-2020-08-11 14-28-46.csv
		return: {'1011026779-2020-08-11 14-28-46.csv': ['20200811-1501-1011026779f-2020-08-11 14-28-46.csv', '20200811-1501-1011026779s-2020-08-11 14-28-46.csv']}
2020-09-17 21:04:05.333997
	DEF:  loadCSVfile
		filename:C:/Space/maldi2/IN/1011026779-2020-08-11 14-28-46.csv
2020-09-17 21:04:05.334997
	DEF:  loadCSVfile
		filename:C:/Space/maldi2/OUT2/20200811-1501-1011026779s-2020-08-11 14-28-46.csv
2020-09-17 21:04:05.337997
	DEF:  loadCSVfile
		filename:C:/Space/maldi2/OUT2/20200811-1501-1011026779f-2020-08-11 14-28-46.csv
2020-09-17 21:04:05.344997
	DEF:  loadCSVfile
		filename:C:/Space/maldi2/IN/1011026779-2020-08-11 14-28-46.csv
2020-09-17 21:04:24.396087
	DEF:  <module>
		MALDI Converter Started
2020-09-17 21:04:24.398087
	DEF:  loadCSVfile
		filename:C:/Space/maldi2/IN/1011026779-2020-07-28 14-22-26.csv
2020-09-17 21:04:24.399087
	DEF:  loadCSVfile
		filename:C:/Space/maldi2/OUT2/20200811-1501-1011026779s-2020-08-11 14-28-46.csv
2020-09-17 21:04:24.403087
	DEF:  findMatchInOutFile
		match:  1011026779-2020-08-11 14-28-46.csv _AND_  20200811-1501-1011026779f-2020-08-11 14-28-46.csv
		match:  1011026779-2020-08-11 14-28-46.csv _AND_  20200811-1501-1011026779s-2020-08-11 14-28-46.csv
		return: {'1011026779-2020-08-11 14-28-46.csv': ['20200811-1501-1011026779f-2020-08-11 14-28-46.csv', '20200811-1501-1011026779s-2020-08-11 14-28-46.csv']}
2020-09-17 21:04:24.406088
	DEF:  findMatchInOutFile
		match:  1011026779-2020-08-11 14-28-46.csv _AND_  20200811-1501-1011026779f-2020-08-11 14-28-46.csv
		match:  1011026779-2020-08-11 14-28-46.csv _AND_  20200811-1501-1011026779s-2020-08-11 14-28-46.csv
		return: {'1011026779-2020-08-11 14-28-46.csv': ['20200811-1501-1011026779f-2020-08-11 14-28-46.csv', '20200811-1501-1011026779s-2020-08-11 14-28-46.csv']}
2020-09-17 21:04:24.409088
	DEF:  loadCSVfile
		filename:C:/Space/maldi2/IN/1011026779-2020-08-11 14-28-46.csv
2020-09-17 21:04:24.410088
	DEF:  loadCSVfile
		filename:C:/Space/maldi2/OUT2/20200811-1501-1011026779s-2020-08-11 14-28-46.csv
2020-09-17 21:04:24.413088
	DEF:  loadCSVfile
		filename:C:/Space/maldi2/OUT2/20200811-1501-1011026779f-2020-08-11 14-28-46.csv
2020-09-17 21:04:24.420088
	DEF:  loadCSVfile
		filename:C:/Space/maldi2/IN/1011026779-2020-08-11 14-28-46.csv
2020-09-17 21:05:04.229365
	DEF:  <module>
		MALDI Converter Started
2020-09-17 21:05:04.230365
	DEF:  loadCSVfile
		filename:C:/Space/maldi2/IN/1011026779-2020-07-28 14-22-26.csv
2020-09-17 21:05:04.232365
	DEF:  loadCSVfile
		filename:C:/Space/maldi2/OUT2/20200811-1501-1011026779s-2020-08-11 14-28-46.csv
2020-09-17 21:05:04.236366
	DEF:  findMatchInOutFile
		match:  1011026779-2020-08-11 14-28-46.csv _AND_  20200811-1501-1011026779f-2020-08-11 14-28-46.csv
		match:  1011026779-2020-08-11 14-28-46.csv _AND_  20200811-1501-1011026779s-2020-08-11 14-28-46.csv
		return: {'1011026779-2020-08-11 14-28-46.csv': ['20200811-1501-1011026779f-2020-08-11 14-28-46.csv', '20200811-1501-1011026779s-2020-08-11 14-28-46.csv']}
2020-09-17 21:05:04.238366
	DEF:  findMatchInOutFile
		match:  1011026779-2020-08-11 14-28-46.csv _AND_  20200811-1501-1011026779f-2020-08-11 14-28-46.csv
		match:  1011026779-2020-08-11 14-28-46.csv _AND_  20200811-1501-1011026779s-2020-08-11 14-28-46.csv
		return: {'1011026779-2020-08-11 14-28-46.csv': ['20200811-1501-1011026779f-2020-08-11 14-28-46.csv', '20200811-1501-1011026779s-2020-08-11 14-28-46.csv']}
2020-09-17 21:05:04.241366
	DEF:  loadCSVfile
		filename:C:/Space/maldi2/IN/1011026779-2020-08-11 14-28-46.csv
2020-09-17 21:05:04.243366
	DEF:  loadCSVfile
		filename:C:/Space/maldi2/OUT2/20200811-1501-1011026779s-2020-08-11 14-28-46.csv
2020-09-17 21:05:04.245366
	DEF:  loadCSVfile
		filename:C:/Space/maldi2/OUT2/20200811-1501-1011026779f-2020-08-11 14-28-46.csv
2020-09-17 21:05:04.252367
	DEF:  loadCSVfile
		filename:C:/Space/maldi2/IN/1011026779-2020-08-11 14-28-46.csv
2020-09-17 21:06:39.805832
	DEF:  <module>
		MALDI Converter Started
2020-09-17 21:06:39.807832
	DEF:  loadCSVfile
		filename:C:/Space/maldi2/IN/1011026779-2020-07-28 14-22-26.csv
2020-09-17 21:06:39.808832
	DEF:  loadCSVfile
		filename:C:/Space/maldi2/OUT2/20200811-1501-1011026779s-2020-08-11 14-28-46.csv
2020-09-17 21:06:39.813832
	DEF:  findMatchInOutFile
		match:  1011026779-2020-08-11 14-28-46.csv _AND_  20200811-1501-1011026779f-2020-08-11 14-28-46.csv
		match:  1011026779-2020-08-11 14-28-46.csv _AND_  20200811-1501-1011026779s-2020-08-11 14-28-46.csv
		return: {'1011026779-2020-08-11 14-28-46.csv': ['20200811-1501-1011026779f-2020-08-11 14-28-46.csv', '20200811-1501-1011026779s-2020-08-11 14-28-46.csv']}
2020-09-17 21:06:39.816833
	DEF:  findMatchInOutFile
		match:  1011026779-2020-08-11 14-28-46.csv _AND_  20200811-1501-1011026779f-2020-08-11 14-28-46.csv
		match:  1011026779-2020-08-11 14-28-46.csv _AND_  20200811-1501-1011026779s-2020-08-11 14-28-46.csv
		return: {'1011026779-2020-08-11 14-28-46.csv': ['20200811-1501-1011026779f-2020-08-11 14-28-46.csv', '20200811-1501-1011026779s-2020-08-11 14-28-46.csv']}
2020-09-17 21:06:39.819833
	DEF:  loadCSVfile
		filename:C:/Space/maldi2/IN/1011026779-2020-08-11 14-28-46.csv
2020-09-17 21:06:39.821833
	DEF:  loadCSVfile
		filename:C:/Space/maldi2/OUT2/20200811-1501-1011026779s-2020-08-11 14-28-46.csv
2020-09-17 21:06:39.823833
	DEF:  loadCSVfile
		filename:C:/Space/maldi2/OUT2/20200811-1501-1011026779f-2020-08-11 14-28-46.csv
2020-09-17 21:06:39.827833
	DEF:  loadCSVfile
		filename:C:/Space/maldi2/IN/1011026779-2020-08-11 14-28-46.csv
2020-09-17 21:07:15.543876
	DEF:  <module>
		MALDI Converter Started
2020-09-17 21:07:15.545876
	DEF:  loadCSVfile
		filename:C:/Space/maldi2/IN/1011026779-2020-07-28 14-22-26.csv
2020-09-17 21:07:15.546876
	DEF:  loadCSVfile
		filename:C:/Space/maldi2/OUT2/20200811-1501-1011026779s-2020-08-11 14-28-46.csv
2020-09-17 21:07:15.550876
	DEF:  findMatchInOutFile
		match:  1011026779-2020-08-11 14-28-46.csv _AND_  20200811-1501-1011026779f-2020-08-11 14-28-46.csv
		match:  1011026779-2020-08-11 14-28-46.csv _AND_  20200811-1501-1011026779s-2020-08-11 14-28-46.csv
		return: {'1011026779-2020-08-11 14-28-46.csv': ['20200811-1501-1011026779f-2020-08-11 14-28-46.csv', '20200811-1501-1011026779s-2020-08-11 14-28-46.csv']}
2020-09-17 21:07:15.553877
	DEF:  findMatchInOutFile
		match:  1011026779-2020-08-11 14-28-46.csv _AND_  20200811-1501-1011026779f-2020-08-11 14-28-46.csv
		match:  1011026779-2020-08-11 14-28-46.csv _AND_  20200811-1501-1011026779s-2020-08-11 14-28-46.csv
		return: {'1011026779-2020-08-11 14-28-46.csv': ['20200811-1501-1011026779f-2020-08-11 14-28-46.csv', '20200811-1501-1011026779s-2020-08-11 14-28-46.csv']}
2020-09-17 21:07:15.556877
	DEF:  loadCSVfile
		filename:C:/Space/maldi2/IN/1011026779-2020-08-11 14-28-46.csv
2020-09-17 21:07:15.557877
	DEF:  loadCSVfile
		filename:C:/Space/maldi2/OUT2/20200811-1501-1011026779s-2020-08-11 14-28-46.csv
2020-09-17 21:07:15.559877
	DEF:  loadCSVfile
		filename:C:/Space/maldi2/OUT2/20200811-1501-1011026779f-2020-08-11 14-28-46.csv
2020-09-17 21:07:15.566877
	DEF:  loadCSVfile
		filename:C:/Space/maldi2/IN/1011026779-2020-08-11 14-28-46.csv
2020-09-17 21:08:07.290836
	DEF:  <module>
		MALDI Converter Started
2020-09-17 21:08:07.292836
	DEF:  loadCSVfile
		filename:C:/Space/maldi2/IN/1011026779-2020-07-28 14-22-26.csv
2020-09-17 21:08:07.293836
	DEF:  loadCSVfile
		filename:C:/Space/maldi2/OUT2/20200811-1501-1011026779s-2020-08-11 14-28-46.csv
2020-09-17 21:08:07.297836
	DEF:  findMatchInOutFile
		match:  1011026779-2020-08-11 14-28-46.csv _AND_  20200811-1501-1011026779f-2020-08-11 14-28-46.csv
		match:  1011026779-2020-08-11 14-28-46.csv _AND_  20200811-1501-1011026779s-2020-08-11 14-28-46.csv
		return: {'1011026779-2020-08-11 14-28-46.csv': ['20200811-1501-1011026779f-2020-08-11 14-28-46.csv', '20200811-1501-1011026779s-2020-08-11 14-28-46.csv']}
2020-09-17 21:08:07.300836
	DEF:  findMatchInOutFile
		match:  1011026779-2020-08-11 14-28-46.csv _AND_  20200811-1501-1011026779f-2020-08-11 14-28-46.csv
		match:  1011026779-2020-08-11 14-28-46.csv _AND_  20200811-1501-1011026779s-2020-08-11 14-28-46.csv
		return: {'1011026779-2020-08-11 14-28-46.csv': ['20200811-1501-1011026779f-2020-08-11 14-28-46.csv', '20200811-1501-1011026779s-2020-08-11 14-28-46.csv']}
2020-09-17 21:08:07.303837
	DEF:  loadCSVfile
		filename:C:/Space/maldi2/IN/1011026779-2020-08-11 14-28-46.csv
2020-09-17 21:08:07.304837
	DEF:  loadCSVfile
		filename:C:/Space/maldi2/OUT2/20200811-1501-1011026779s-2020-08-11 14-28-46.csv
2020-09-17 21:08:07.306837
	DEF:  loadCSVfile
		filename:C:/Space/maldi2/OUT2/20200811-1501-1011026779f-2020-08-11 14-28-46.csv
2020-09-17 21:08:07.313837
	DEF:  loadCSVfile
		filename:C:/Space/maldi2/IN/1011026779-2020-08-11 14-28-46.csv
2020-09-17 21:08:23.710775
	DEF:  <module>
		MALDI Converter Started
2020-09-17 21:08:23.712775
	DEF:  loadCSVfile
		filename:C:/Space/maldi2/IN/1011026779-2020-07-28 14-22-26.csv
2020-09-17 21:08:23.713775
	DEF:  loadCSVfile
		filename:C:/Space/maldi2/OUT2/20200811-1501-1011026779s-2020-08-11 14-28-46.csv
2020-09-17 21:08:23.717775
	DEF:  findMatchInOutFile
		match:  1011026779-2020-08-11 14-28-46.csv _AND_  20200811-1501-1011026779f-2020-08-11 14-28-46.csv
		match:  1011026779-2020-08-11 14-28-46.csv _AND_  20200811-1501-1011026779s-2020-08-11 14-28-46.csv
		return: {'1011026779-2020-08-11 14-28-46.csv': ['20200811-1501-1011026779f-2020-08-11 14-28-46.csv', '20200811-1501-1011026779s-2020-08-11 14-28-46.csv']}
2020-09-17 21:08:23.719776
	DEF:  findMatchInOutFile
		match:  1011026779-2020-08-11 14-28-46.csv _AND_  20200811-1501-1011026779f-2020-08-11 14-28-46.csv
		match:  1011026779-2020-08-11 14-28-46.csv _AND_  20200811-1501-1011026779s-2020-08-11 14-28-46.csv
		return: {'1011026779-2020-08-11 14-28-46.csv': ['20200811-1501-1011026779f-2020-08-11 14-28-46.csv', '20200811-1501-1011026779s-2020-08-11 14-28-46.csv']}
2020-09-17 21:08:23.722776
	DEF:  loadCSVfile
		filename:C:/Space/maldi2/IN/1011026779-2020-08-11 14-28-46.csv
2020-09-17 21:08:23.724776
	DEF:  loadCSVfile
		filename:C:/Space/maldi2/OUT2/20200811-1501-1011026779s-2020-08-11 14-28-46.csv
2020-09-17 21:08:23.726776
	DEF:  loadCSVfile
		filename:C:/Space/maldi2/OUT2/20200811-1501-1011026779f-2020-08-11 14-28-46.csv
2020-09-17 21:08:23.732776
	DEF:  loadCSVfile
		filename:C:/Space/maldi2/IN/1011026779-2020-08-11 14-28-46.csv
2020-09-17 21:10:04.542542
	DEF:  <module>
		MALDI Converter Started
2020-09-17 21:10:04.544542
	DEF:  loadCSVfile
		filename:C:/Space/maldi2/IN/1011026779-2020-07-28 14-22-26.csv
2020-09-17 21:10:04.546542
	DEF:  loadCSVfile
		filename:C:/Space/maldi2/OUT2/20200811-1501-1011026779s-2020-08-11 14-28-46.csv
2020-09-17 21:10:04.550543
	DEF:  findMatchInOutFile
		match:  1011026779-2020-08-11 14-28-46.csv _AND_  20200811-1501-1011026779f-2020-08-11 14-28-46.csv
		match:  1011026779-2020-08-11 14-28-46.csv _AND_  20200811-1501-1011026779s-2020-08-11 14-28-46.csv
		return: {'1011026779-2020-08-11 14-28-46.csv': ['20200811-1501-1011026779f-2020-08-11 14-28-46.csv', '20200811-1501-1011026779s-2020-08-11 14-28-46.csv']}
2020-09-17 21:10:04.553543
	DEF:  findMatchInOutFile
		match:  1011026779-2020-08-11 14-28-46.csv _AND_  20200811-1501-1011026779f-2020-08-11 14-28-46.csv
		match:  1011026779-2020-08-11 14-28-46.csv _AND_  20200811-1501-1011026779s-2020-08-11 14-28-46.csv
		return: {'1011026779-2020-08-11 14-28-46.csv': ['20200811-1501-1011026779f-2020-08-11 14-28-46.csv', '20200811-1501-1011026779s-2020-08-11 14-28-46.csv']}
2020-09-17 21:10:04.556543
	DEF:  loadCSVfile
		filename:C:/Space/maldi2/IN/1011026779-2020-08-11 14-28-46.csv
2020-09-17 21:10:04.558543
	DEF:  loadCSVfile
		filename:C:/Space/maldi2/OUT2/20200811-1501-1011026779s-2020-08-11 14-28-46.csv
2020-09-17 21:10:04.560543
	DEF:  loadCSVfile
		filename:C:/Space/maldi2/OUT2/20200811-1501-1011026779f-2020-08-11 14-28-46.csv
2020-09-17 21:10:04.564544
	DEF:  loadCSVfile
		filename:C:/Space/maldi2/IN/1011026779-2020-08-11 14-28-46.csv
2020-09-17 21:11:48.670498
	DEF:  <module>
		MALDI Converter Started
2020-09-17 21:11:48.671498
	DEF:  loadCSVfile
		filename:C:/Space/maldi2/IN/1011026779-2020-07-28 14-22-26.csv
2020-09-17 21:11:48.673498
	DEF:  loadCSVfile
		filename:C:/Space/maldi2/OUT2/20200811-1501-1011026779s-2020-08-11 14-28-46.csv
2020-09-17 21:11:48.676498
	DEF:  findMatchInOutFile
		match:  1011026779-2020-08-11 14-28-46.csv _AND_  20200811-1501-1011026779f-2020-08-11 14-28-46.csv
		match:  1011026779-2020-08-11 14-28-46.csv _AND_  20200811-1501-1011026779s-2020-08-11 14-28-46.csv
		return: {'1011026779-2020-08-11 14-28-46.csv': ['20200811-1501-1011026779f-2020-08-11 14-28-46.csv', '20200811-1501-1011026779s-2020-08-11 14-28-46.csv']}
2020-09-17 21:11:48.680499
	DEF:  findMatchInOutFile
		match:  1011026779-2020-08-11 14-28-46.csv _AND_  20200811-1501-1011026779f-2020-08-11 14-28-46.csv
		match:  1011026779-2020-08-11 14-28-46.csv _AND_  20200811-1501-1011026779s-2020-08-11 14-28-46.csv
		return: {'1011026779-2020-08-11 14-28-46.csv': ['20200811-1501-1011026779f-2020-08-11 14-28-46.csv', '20200811-1501-1011026779s-2020-08-11 14-28-46.csv']}
2020-09-17 21:11:48.683499
	DEF:  loadCSVfile
		filename:C:/Space/maldi2/IN/1011026779-2020-08-11 14-28-46.csv
2020-09-17 21:11:48.684499
	DEF:  loadCSVfile
		filename:C:/Space/maldi2/OUT2/20200811-1501-1011026779s-2020-08-11 14-28-46.csv
2020-09-17 21:11:48.686499
	DEF:  loadCSVfile
		filename:C:/Space/maldi2/OUT2/20200811-1501-1011026779f-2020-08-11 14-28-46.csv
2020-09-17 21:11:48.690499
	DEF:  loadCSVfile
		filename:C:/Space/maldi2/IN/1011026779-2020-08-11 14-28-46.csv
2020-09-17 21:16:15.962786
	DEF:  <module>
		MALDI Converter Started
2020-09-17 21:16:15.964786
	DEF:  loadCSVfile
		filename:C:/Space/maldi2/IN/1011026779-2020-07-28 14-22-26.csv
2020-09-17 21:16:15.966786
	DEF:  loadCSVfile
		filename:C:/Space/maldi2/OUT2/20200811-1501-1011026779s-2020-08-11 14-28-46.csv
2020-09-17 21:16:15.970787
	DEF:  findMatchInOutFile
		match:  1011026779-2020-08-11 14-28-46.csv _AND_  20200811-1501-1011026779f-2020-08-11 14-28-46.csv
		match:  1011026779-2020-08-11 14-28-46.csv _AND_  20200811-1501-1011026779s-2020-08-11 14-28-46.csv
		return: {'1011026779-2020-08-11 14-28-46.csv': ['20200811-1501-1011026779f-2020-08-11 14-28-46.csv', '20200811-1501-1011026779s-2020-08-11 14-28-46.csv']}
2020-09-17 21:16:15.974787
	DEF:  findMatchInOutFile
		match:  1011026779-2020-08-11 14-28-46.csv _AND_  20200811-1501-1011026779f-2020-08-11 14-28-46.csv
		match:  1011026779-2020-08-11 14-28-46.csv _AND_  20200811-1501-1011026779s-2020-08-11 14-28-46.csv
		return: {'1011026779-2020-08-11 14-28-46.csv': ['20200811-1501-1011026779f-2020-08-11 14-28-46.csv', '20200811-1501-1011026779s-2020-08-11 14-28-46.csv']}
2020-09-17 21:16:15.977787
	DEF:  loadCSVfile
		filename:C:/Space/maldi2/IN/1011026779-2020-08-11 14-28-46.csv
2020-09-17 21:16:15.979787
	DEF:  loadCSVfile
		filename:C:/Space/maldi2/OUT2/20200811-1501-1011026779s-2020-08-11 14-28-46.csv
2020-09-17 21:16:15.981787
	DEF:  loadCSVfile
		filename:C:/Space/maldi2/OUT2/20200811-1501-1011026779f-2020-08-11 14-28-46.csv
2020-09-17 21:16:15.987788
	DEF:  loadCSVfile
		filename:C:/Space/maldi2/IN/1011026779-2020-08-11 14-28-46.csv
2020-09-17 21:16:32.664742
	DEF:  <module>
		MALDI Converter Started
2020-09-17 21:16:32.665742
	DEF:  loadCSVfile
		filename:C:/Space/maldi2/IN/1011026779-2020-07-28 14-22-26.csv
2020-09-17 21:16:32.666742
	DEF:  loadCSVfile
		filename:C:/Space/maldi2/OUT2/20200811-1501-1011026779s-2020-08-11 14-28-46.csv
2020-09-17 21:16:32.670742
	DEF:  findMatchInOutFile
		match:  1011026779-2020-08-11 14-28-46.csv _AND_  20200811-1501-1011026779f-2020-08-11 14-28-46.csv
		match:  1011026779-2020-08-11 14-28-46.csv _AND_  20200811-1501-1011026779s-2020-08-11 14-28-46.csv
		return: {'1011026779-2020-08-11 14-28-46.csv': ['20200811-1501-1011026779f-2020-08-11 14-28-46.csv', '20200811-1501-1011026779s-2020-08-11 14-28-46.csv']}
2020-09-17 21:16:32.673742
	DEF:  findMatchInOutFile
		match:  1011026779-2020-08-11 14-28-46.csv _AND_  20200811-1501-1011026779f-2020-08-11 14-28-46.csv
		match:  1011026779-2020-08-11 14-28-46.csv _AND_  20200811-1501-1011026779s-2020-08-11 14-28-46.csv
		return: {'1011026779-2020-08-11 14-28-46.csv': ['20200811-1501-1011026779f-2020-08-11 14-28-46.csv', '20200811-1501-1011026779s-2020-08-11 14-28-46.csv']}
2020-09-17 21:16:32.676742
	DEF:  loadCSVfile
		filename:C:/Space/maldi2/IN/1011026779-2020-08-11 14-28-46.csv
2020-09-17 21:16:32.677742
	DEF:  loadCSVfile
		filename:C:/Space/maldi2/OUT2/20200811-1501-1011026779s-2020-08-11 14-28-46.csv
2020-09-17 21:16:32.679742
	DEF:  loadCSVfile
		filename:C:/Space/maldi2/OUT2/20200811-1501-1011026779f-2020-08-11 14-28-46.csv
2020-09-17 21:16:32.686743
	DEF:  loadCSVfile
		filename:C:/Space/maldi2/IN/1011026779-2020-08-11 14-28-46.csv
2020-09-17 21:17:15.953218
	DEF:  <module>
		MALDI Converter Started
2020-09-17 21:17:15.955218
	DEF:  loadCSVfile
		filename:C:/Space/maldi2/IN/1011026779-2020-07-28 14-22-26.csv
2020-09-17 21:17:15.957218
	DEF:  loadCSVfile
		filename:C:/Space/maldi2/OUT2/20200811-1501-1011026779s-2020-08-11 14-28-46.csv
2020-09-17 21:17:15.960218
	DEF:  findMatchInOutFile
		match:  1011026779-2020-08-11 14-28-46.csv _AND_  20200811-1501-1011026779f-2020-08-11 14-28-46.csv
		match:  1011026779-2020-08-11 14-28-46.csv _AND_  20200811-1501-1011026779s-2020-08-11 14-28-46.csv
		return: {'1011026779-2020-08-11 14-28-46.csv': ['20200811-1501-1011026779f-2020-08-11 14-28-46.csv', '20200811-1501-1011026779s-2020-08-11 14-28-46.csv']}
2020-09-17 21:17:15.964218
	DEF:  findMatchInOutFile
		match:  1011026779-2020-08-11 14-28-46.csv _AND_  20200811-1501-1011026779f-2020-08-11 14-28-46.csv
		match:  1011026779-2020-08-11 14-28-46.csv _AND_  20200811-1501-1011026779s-2020-08-11 14-28-46.csv
		return: {'1011026779-2020-08-11 14-28-46.csv': ['20200811-1501-1011026779f-2020-08-11 14-28-46.csv', '20200811-1501-1011026779s-2020-08-11 14-28-46.csv']}
2020-09-17 21:17:15.967218
	DEF:  loadCSVfile
		filename:C:/Space/maldi2/IN/1011026779-2020-08-11 14-28-46.csv
2020-09-17 21:17:15.968218
	DEF:  loadCSVfile
		filename:C:/Space/maldi2/OUT2/20200811-1501-1011026779s-2020-08-11 14-28-46.csv
2020-09-17 21:17:15.970218
	DEF:  loadCSVfile
		filename:C:/Space/maldi2/OUT2/20200811-1501-1011026779f-2020-08-11 14-28-46.csv
2020-09-17 21:17:15.977219
	DEF:  loadCSVfile
		filename:C:/Space/maldi2/IN/1011026779-2020-08-11 14-28-46.csv
2020-09-17 21:33:56.917469
	DEF:  <module>
		MALDI Converter Started
2020-09-17 21:33:57.549506
	DEF:  loadCSVfile
		filename:C:/Space/maldi2/IN/1011026779-2020-07-28 14-22-26.csv
2020-09-17 21:33:57.551506
	DEF:  loadCSVfile
		filename:C:/Space/maldi2/OUT2/20200811-1501-1011026779s-2020-08-11 14-28-46.csv
2020-09-17 21:33:57.555506
	DEF:  findMatchInOutFile
		match:  1011026779-2020-08-11 14-28-46.csv _AND_  20200811-1501-1011026779f-2020-08-11 14-28-46.csv
		match:  1011026779-2020-08-11 14-28-46.csv _AND_  20200811-1501-1011026779s-2020-08-11 14-28-46.csv
		return: {'1011026779-2020-08-11 14-28-46.csv': ['20200811-1501-1011026779f-2020-08-11 14-28-46.csv', '20200811-1501-1011026779s-2020-08-11 14-28-46.csv']}
2020-09-17 21:33:57.588508
	DEF:  findMatchInOutFile
		match:  1011026779-2020-08-11 14-28-46.csv _AND_  20200811-1501-1011026779f-2020-08-11 14-28-46.csv
		match:  1011026779-2020-08-11 14-28-46.csv _AND_  20200811-1501-1011026779s-2020-08-11 14-28-46.csv
		return: {'1011026779-2020-08-11 14-28-46.csv': ['20200811-1501-1011026779f-2020-08-11 14-28-46.csv', '20200811-1501-1011026779s-2020-08-11 14-28-46.csv']}
2020-09-17 21:33:57.591508
	DEF:  loadCSVfile
		filename:C:/Space/maldi2/IN/1011026779-2020-08-11 14-28-46.csv
2020-09-17 21:33:57.593508
	DEF:  loadCSVfile
		filename:C:/Space/maldi2/OUT2/20200811-1501-1011026779s-2020-08-11 14-28-46.csv
2020-09-17 21:33:57.618510
	DEF:  loadCSVfile
		filename:C:/Space/maldi2/OUT2/20200811-1501-1011026779f-2020-08-11 14-28-46.csv
2020-09-17 21:33:57.621510
	DEF:  loadCSVfile
		filename:C:/Space/maldi2/IN/1011026779-2020-08-11 14-28-46.csv
2020-09-17 21:33:57.623510
	DEF:  createResultFileName
		RESULT file name created:1011026779-2020-08-11 14-28-46_RESULT.csv
2020-09-17 21:33:57.624510
	DEF:  createResultFileName
		RESULT file name created:1011026779-2020-08-11 14-28-46_RESULT.csv
2020-09-17 21:33:57.626510
	DEF:  createResultFileName
		RESULT file name created:1011026779-2020-08-11 14-28-46_RESULT.csv
2020-09-17 21:33:57.627510
	DEF:  createResultFileName
		RESULT file name created:1011026779-2020-08-11 14-28-46_RESULT.csv
2020-09-17 21:33:57.628510
	DEF:  createResultFileName
		RESULT file name created:1011026779-2020-08-11 14-28-46_RESULT.csv
2020-09-17 21:33:57.629510
	DEF:  createResultFileName
		RESULT file name created:1011026779-2020-08-11 14-28-46_RESULT.csv
2020-09-17 21:33:57.630510
	DEF:  createResultFileName
		RESULT file name created:1011026779-2020-08-11 14-28-46_RESULT.csv
2020-09-17 21:33:57.632510
	DEF:  createResultFileName
		RESULT file name created:1011026779-2020-08-11 14-28-46_RESULT.csv
2020-09-17 21:33:57.633510
	DEF:  createResultFileName
		RESULT file name created:1011026779-2020-08-11 14-28-46_RESULT.csv
2020-09-17 21:33:57.634510
	DEF:  createResultFileName
		RESULT file name created:1011026779-2020-08-11 14-28-46_RESULT.csv
2020-09-17 21:33:57.636511
	DEF:  createResultFileName
		RESULT file name created:1011026779-2020-08-11 14-28-46_RESULT.csv
2020-09-17 21:33:57.637511
	DEF:  createResultFileName
		RESULT file name created:1011026779-2020-08-11 14-28-46_RESULT.csv
2020-09-17 21:33:57.638511
	DEF:  createResultFileName
		RESULT file name created:1011026779-2020-08-11 14-28-46_RESULT.csv
2020-09-17 21:33:57.639511
	DEF:  createResultFileName
		RESULT file name created:1011026779-2020-08-11 14-28-46_RESULT.csv
2020-09-17 21:33:57.641511
	DEF:  createResultFileName
		RESULT file name created:1011026779-2020-08-11 14-28-46_RESULT.csv
2020-09-17 21:33:57.642511
	DEF:  createResultFileName
		RESULT file name created:1011026779-2020-08-11 14-28-46_RESULT.csv
2020-09-17 21:33:57.645511
	DEF:  createResultFileName
		RESULT file name created:1011026779-2020-08-11 14-28-46_RESULT.csv
2020-09-17 21:33:57.647511
	DEF:  createResultFileName
		RESULT file name created:1011026779-2020-08-11 14-28-46_RESULT.csv
2020-09-17 21:33:57.648511
	DEF:  createResultFileName
		RESULT file name created:1011026779-2020-08-11 14-28-46_RESULT.csv
2020-09-17 21:33:57.650511
	DEF:  createResultFileName
		RESULT file name created:1011026779-2020-08-11 14-28-46_RESULT.csv
2020-09-17 21:33:57.651511
	DEF:  createResultFileName
		RESULT file name created:1011026779-2020-08-11 14-28-46_RESULT.csv
2020-09-17 21:33:57.652511
	DEF:  createResultFileName
		RESULT file name created:1011026779-2020-08-11 14-28-46_RESULT.csv
2020-09-17 21:33:57.653512
	DEF:  createResultFileName
		RESULT file name created:1011026779-2020-08-11 14-28-46_RESULT.csv
2020-09-17 21:33:57.655512
	DEF:  createResultFileName
		RESULT file name created:1011026779-2020-08-11 14-28-46_RESULT.csv
2020-09-17 21:33:57.656512
	DEF:  createResultFileName
		RESULT file name created:1011026779-2020-08-11 14-28-46_RESULT.csv
2020-09-17 21:33:57.657512
	DEF:  createResultFileName
		RESULT file name created:1011026779-2020-08-11 14-28-46_RESULT.csv
2020-09-17 21:33:57.659512
	DEF:  createResultFileName
		RESULT file name created:1011026779-2020-08-11 14-28-46_RESULT.csv
2020-09-17 21:33:57.660512
	DEF:  createResultFileName
		RESULT file name created:1011026779-2020-08-11 14-28-46_RESULT.csv
2020-09-17 21:33:57.661512
	DEF:  createResultFileName
		RESULT file name created:1011026779-2020-08-11 14-28-46_RESULT.csv
2020-09-17 21:33:57.662512
	DEF:  createResultFileName
		RESULT file name created:1011026779-2020-08-11 14-28-46_RESULT.csv
2020-09-17 21:33:57.663512
	DEF:  createResultFileName
		RESULT file name created:1011026779-2020-08-11 14-28-46_RESULT.csv
2020-09-17 21:33:57.665512
	DEF:  createResultFileName
		RESULT file name created:1011026779-2020-08-11 14-28-46_RESULT.csv
2020-09-17 21:33:57.666512
	DEF:  createResultFileName
		RESULT file name created:1011026779-2020-08-11 14-28-46_RESULT.csv
2020-09-17 21:33:57.667512
	DEF:  createResultFileName
		RESULT file name created:1011026779-2020-08-11 14-28-46_RESULT.csv
2020-09-17 21:33:57.669512
	DEF:  createResultFileName
		RESULT file name created:1011026779-2020-08-11 14-28-46_RESULT.csv
2020-09-17 21:33:57.670512
	DEF:  createResultFileName
		RESULT file name created:1011026779-2020-08-11 14-28-46_RESULT.csv
2020-09-17 21:33:57.671513
	DEF:  createResultFileName
		RESULT file name created:1011026779-2020-08-11 14-28-46_RESULT.csv
2020-09-17 21:33:57.672513
	DEF:  createResultFileName
		RESULT file name created:1011026779-2020-08-11 14-28-46_RESULT.csv
2020-09-17 21:33:57.673513
	DEF:  createResultFileName
		RESULT file name created:1011026779-2020-08-11 14-28-46_RESULT.csv
2020-09-17 21:33:57.674513
	DEF:  createResultFileName
		RESULT file name created:1011026779-2020-08-11 14-28-46_RESULT.csv
2020-09-17 21:33:57.676513
	DEF:  createResultFileName
		RESULT file name created:1011026779-2020-08-11 14-28-46_RESULT.csv
2020-09-17 21:33:57.677513
	DEF:  createResultFileName
		RESULT file name created:1011026779-2020-08-11 14-28-46_RESULT.csv
2020-09-17 21:33:57.678513
	DEF:  createResultFileName
		RESULT file name created:1011026779-2020-08-11 14-28-46_RESULT.csv
2020-09-17 21:33:57.679513
	DEF:  createResultFileName
		RESULT file name created:1011026779-2020-08-11 14-28-46_RESULT.csv
2020-09-17 21:33:57.680513
	DEF:  createResultFileName
		RESULT file name created:1011026779-2020-08-11 14-28-46_RESULT.csv
2020-09-17 21:33:57.681513
	DEF:  createResultFileName
		RESULT file name created:1011026779-2020-08-11 14-28-46_RESULT.csv
2020-09-17 21:33:57.683513
	DEF:  createResultFileName
		RESULT file name created:1011026779-2020-08-11 14-28-46_RESULT.csv
2020-09-17 21:33:57.684513
	DEF:  createResultFileName
		RESULT file name created:1011026779-2020-08-11 14-28-46_RESULT.csv
2020-09-17 21:33:57.685513
	DEF:  createResultFileName
		RESULT file name created:1011026779-2020-08-11 14-28-46_RESULT.csv
2020-09-17 21:33:57.687513
	DEF:  createResultFileName
		RESULT file name created:1011026779-2020-08-11 14-28-46_RESULT.csv
2020-09-17 21:33:57.688514
	DEF:  createResultFileName
		RESULT file name created:1011026779-2020-08-11 14-28-46_RESULT.csv
2020-09-17 21:33:57.690514
	DEF:  createResultFileName
		RESULT file name created:1011026779-2020-08-11 14-28-46_RESULT.csv
2020-09-17 21:34:18.949730
	DEF:  <module>
		MALDI Converter Started
2020-09-17 21:34:18.950730
	DEF:  loadCSVfile
		filename:C:/Space/maldi2/IN/1011026779-2020-07-28 14-22-26.csv
2020-09-17 21:34:18.952730
	DEF:  loadCSVfile
		filename:C:/Space/maldi2/OUT2/20200811-1501-1011026779s-2020-08-11 14-28-46.csv
2020-09-17 21:34:18.956730
	DEF:  findMatchInOutFile
		match:  1011026779-2020-08-11 14-28-46.csv _AND_  20200811-1501-1011026779f-2020-08-11 14-28-46.csv
		match:  1011026779-2020-08-11 14-28-46.csv _AND_  20200811-1501-1011026779s-2020-08-11 14-28-46.csv
		return: {'1011026779-2020-08-11 14-28-46.csv': ['20200811-1501-1011026779f-2020-08-11 14-28-46.csv', '20200811-1501-1011026779s-2020-08-11 14-28-46.csv']}
2020-09-17 21:34:18.959730
	DEF:  findMatchInOutFile
		match:  1011026779-2020-08-11 14-28-46.csv _AND_  20200811-1501-1011026779f-2020-08-11 14-28-46.csv
		match:  1011026779-2020-08-11 14-28-46.csv _AND_  20200811-1501-1011026779s-2020-08-11 14-28-46.csv
		return: {'1011026779-2020-08-11 14-28-46.csv': ['20200811-1501-1011026779f-2020-08-11 14-28-46.csv', '20200811-1501-1011026779s-2020-08-11 14-28-46.csv']}
2020-09-17 21:34:18.962730
	DEF:  loadCSVfile
		filename:C:/Space/maldi2/IN/1011026779-2020-08-11 14-28-46.csv
2020-09-17 21:34:18.963730
	DEF:  loadCSVfile
		filename:C:/Space/maldi2/OUT2/20200811-1501-1011026779s-2020-08-11 14-28-46.csv
2020-09-17 21:34:18.965730
	DEF:  loadCSVfile
		filename:C:/Space/maldi2/OUT2/20200811-1501-1011026779f-2020-08-11 14-28-46.csv
2020-09-17 21:34:18.969731
	DEF:  loadCSVfile
		filename:C:/Space/maldi2/IN/1011026779-2020-08-11 14-28-46.csv
2020-09-17 21:34:18.972731
	DEF:  createResultFileName
		RESULT file name created:1011026779-2020-08-11 14-28-46_RESULT.csv
2020-09-17 21:35:46.374730
	DEF:  <module>
		MALDI Converter Started
2020-09-17 21:35:46.376730
	DEF:  loadCSVfile
		filename:C:/Space/maldi2/IN/1011026779-2020-07-28 14-22-26.csv
2020-09-17 21:35:46.378730
	DEF:  loadCSVfile
		filename:C:/Space/maldi2/OUT2/20200811-1501-1011026779s-2020-08-11 14-28-46.csv
2020-09-17 21:35:46.382730
	DEF:  findMatchInOutFile
		match:  1011026779-2020-08-11 14-28-46.csv _AND_  20200811-1501-1011026779f-2020-08-11 14-28-46.csv
		match:  1011026779-2020-08-11 14-28-46.csv _AND_  20200811-1501-1011026779s-2020-08-11 14-28-46.csv
		return: {'1011026779-2020-08-11 14-28-46.csv': ['20200811-1501-1011026779f-2020-08-11 14-28-46.csv', '20200811-1501-1011026779s-2020-08-11 14-28-46.csv']}
2020-09-17 21:35:46.385731
	DEF:  findMatchInOutFile
		match:  1011026779-2020-08-11 14-28-46.csv _AND_  20200811-1501-1011026779f-2020-08-11 14-28-46.csv
		match:  1011026779-2020-08-11 14-28-46.csv _AND_  20200811-1501-1011026779s-2020-08-11 14-28-46.csv
		return: {'1011026779-2020-08-11 14-28-46.csv': ['20200811-1501-1011026779f-2020-08-11 14-28-46.csv', '20200811-1501-1011026779s-2020-08-11 14-28-46.csv']}
2020-09-17 21:35:46.388731
	DEF:  loadCSVfile
		filename:C:/Space/maldi2/IN/1011026779-2020-08-11 14-28-46.csv
2020-09-17 21:35:46.389731
	DEF:  loadCSVfile
		filename:C:/Space/maldi2/OUT2/20200811-1501-1011026779s-2020-08-11 14-28-46.csv
2020-09-17 21:35:46.391731
	DEF:  loadCSVfile
		filename:C:/Space/maldi2/OUT2/20200811-1501-1011026779f-2020-08-11 14-28-46.csv
2020-09-17 21:35:46.398731
	DEF:  loadCSVfile
		filename:C:/Space/maldi2/IN/1011026779-2020-08-11 14-28-46.csv
2020-09-17 21:35:46.400731
	DEF:  createResultFileName
		RESULT file name created:1011026779-2020-08-11 14-28-46_RESULT.csv
2020-09-17 21:36:07.303927
	DEF:  <module>
		MALDI Converter Started
2020-09-17 21:36:07.305927
	DEF:  loadCSVfile
		filename:C:/Space/maldi2/IN/1011026779-2020-07-28 14-22-26.csv
2020-09-17 21:36:07.306927
	DEF:  loadCSVfile
		filename:C:/Space/maldi2/OUT2/20200811-1501-1011026779s-2020-08-11 14-28-46.csv
2020-09-17 21:36:07.311928
	DEF:  findMatchInOutFile
		match:  1011026779-2020-08-11 14-28-46.csv _AND_  20200811-1501-1011026779f-2020-08-11 14-28-46.csv
		match:  1011026779-2020-08-11 14-28-46.csv _AND_  20200811-1501-1011026779s-2020-08-11 14-28-46.csv
		return: {'1011026779-2020-08-11 14-28-46.csv': ['20200811-1501-1011026779f-2020-08-11 14-28-46.csv', '20200811-1501-1011026779s-2020-08-11 14-28-46.csv']}
2020-09-17 21:36:07.314928
	DEF:  findMatchInOutFile
		match:  1011026779-2020-08-11 14-28-46.csv _AND_  20200811-1501-1011026779f-2020-08-11 14-28-46.csv
		match:  1011026779-2020-08-11 14-28-46.csv _AND_  20200811-1501-1011026779s-2020-08-11 14-28-46.csv
		return: {'1011026779-2020-08-11 14-28-46.csv': ['20200811-1501-1011026779f-2020-08-11 14-28-46.csv', '20200811-1501-1011026779s-2020-08-11 14-28-46.csv']}
2020-09-17 21:36:07.317928
	DEF:  loadCSVfile
		filename:C:/Space/maldi2/IN/1011026779-2020-08-11 14-28-46.csv
2020-09-17 21:36:07.318928
	DEF:  loadCSVfile
		filename:C:/Space/maldi2/OUT2/20200811-1501-1011026779s-2020-08-11 14-28-46.csv
2020-09-17 21:36:07.320928
	DEF:  loadCSVfile
		filename:C:/Space/maldi2/OUT2/20200811-1501-1011026779f-2020-08-11 14-28-46.csv
2020-09-17 21:36:07.323928
	DEF:  loadCSVfile
		filename:C:/Space/maldi2/IN/1011026779-2020-08-11 14-28-46.csv
2020-09-17 21:36:07.325928
	DEF:  createResultFileName
		RESULT file name created:1011026779-2020-08-11 14-28-46_RESULT.csv
2020-09-17 21:47:43.973774
	DEF:  <module>
		MALDI Converter Started
2020-09-17 21:47:44.647813
	DEF:  loadCSVfile
		filename:C:/Space/maldi2/IN/1011026779-2020-07-28 14-22-26.csv
2020-09-17 21:47:44.649813
	DEF:  loadCSVfile
		filename:C:/Space/maldi2/OUT2/20200811-1501-1011026779s-2020-08-11 14-28-46.csv
2020-09-17 21:47:44.653813
	DEF:  findMatchInOutFile
		match:  1011026779-2020-08-11 14-28-46.csv _AND_  20200811-1501-1011026779f-2020-08-11 14-28-46.csv
		match:  1011026779-2020-08-11 14-28-46.csv _AND_  20200811-1501-1011026779s-2020-08-11 14-28-46.csv
		return: {'1011026779-2020-08-11 14-28-46.csv': ['20200811-1501-1011026779f-2020-08-11 14-28-46.csv', '20200811-1501-1011026779s-2020-08-11 14-28-46.csv']}
2020-09-17 21:47:44.687815
	DEF:  findMatchInOutFile
		match:  1011026779-2020-08-11 14-28-46.csv _AND_  20200811-1501-1011026779f-2020-08-11 14-28-46.csv
		match:  1011026779-2020-08-11 14-28-46.csv _AND_  20200811-1501-1011026779s-2020-08-11 14-28-46.csv
		return: {'1011026779-2020-08-11 14-28-46.csv': ['20200811-1501-1011026779f-2020-08-11 14-28-46.csv', '20200811-1501-1011026779s-2020-08-11 14-28-46.csv']}
2020-09-17 21:47:44.690815
	DEF:  loadCSVfile
		filename:C:/Space/maldi2/IN/1011026779-2020-08-11 14-28-46.csv
2020-09-17 21:47:44.691815
	DEF:  loadCSVfile
		filename:C:/Space/maldi2/OUT2/20200811-1501-1011026779s-2020-08-11 14-28-46.csv
2020-09-17 21:47:44.693816
	DEF:  loadCSVfile
		filename:C:/Space/maldi2/OUT2/20200811-1501-1011026779f-2020-08-11 14-28-46.csv
2020-09-17 21:47:44.698816
	DEF:  loadCSVfile
		filename:C:/Space/maldi2/IN/1011026779-2020-08-11 14-28-46.csv
2020-09-17 21:47:44.717817
	DEF:  createResultFileName
		RESULT file name created:1011026779-2020-08-11 14-28-46_RESULT.csv
2020-09-17 21:48:14.728533
	DEF:  <module>
		MALDI Converter Started
2020-09-17 21:48:14.729533
	DEF:  loadCSVfile
		filename:C:/Space/maldi2/IN/1011026779-2020-07-28 14-22-26.csv
2020-09-17 21:48:14.730534
	DEF:  loadCSVfile
		filename:C:/Space/maldi2/OUT2/20200811-1501-1011026779s-2020-08-11 14-28-46.csv
2020-09-17 21:48:14.734534
	DEF:  findMatchInOutFile
		match:  1011026779-2020-08-11 14-28-46.csv _AND_  20200811-1501-1011026779f-2020-08-11 14-28-46.csv
		match:  1011026779-2020-08-11 14-28-46.csv _AND_  20200811-1501-1011026779s-2020-08-11 14-28-46.csv
		return: {'1011026779-2020-08-11 14-28-46.csv': ['20200811-1501-1011026779f-2020-08-11 14-28-46.csv', '20200811-1501-1011026779s-2020-08-11 14-28-46.csv']}
2020-09-17 21:48:14.759535
	DEF:  findMatchInOutFile
		match:  1011026779-2020-08-11 14-28-46.csv _AND_  20200811-1501-1011026779f-2020-08-11 14-28-46.csv
		match:  1011026779-2020-08-11 14-28-46.csv _AND_  20200811-1501-1011026779s-2020-08-11 14-28-46.csv
		return: {'1011026779-2020-08-11 14-28-46.csv': ['20200811-1501-1011026779f-2020-08-11 14-28-46.csv', '20200811-1501-1011026779s-2020-08-11 14-28-46.csv']}
2020-09-17 21:48:14.762535
	DEF:  loadCSVfile
		filename:C:/Space/maldi2/IN/1011026779-2020-08-11 14-28-46.csv
2020-09-17 21:48:14.763535
	DEF:  loadCSVfile
		filename:C:/Space/maldi2/OUT2/20200811-1501-1011026779s-2020-08-11 14-28-46.csv
2020-09-17 21:48:14.765536
	DEF:  loadCSVfile
		filename:C:/Space/maldi2/OUT2/20200811-1501-1011026779f-2020-08-11 14-28-46.csv
2020-09-17 21:48:14.774536
	DEF:  loadCSVfile
		filename:C:/Space/maldi2/IN/1011026779-2020-08-11 14-28-46.csv
2020-09-17 21:48:14.775536
	DEF:  createResultFileName
		RESULT file name created:1011026779-2020-08-11 14-28-46_RESULT.csv
2020-09-17 21:49:42.394548
	DEF:  <module>
		MALDI Converter Started
2020-09-17 21:49:42.395548
	DEF:  loadCSVfile
		filename:C:/Space/maldi2/IN/1011026779-2020-07-28 14-22-26.csv
2020-09-17 21:49:42.397548
	DEF:  loadCSVfile
		filename:C:/Space/maldi2/OUT2/20200811-1501-1011026779s-2020-08-11 14-28-46.csv
2020-09-17 21:49:42.401548
	DEF:  findMatchInOutFile
		match:  1011026779-2020-08-11 14-28-46.csv _AND_  20200811-1501-1011026779f-2020-08-11 14-28-46.csv
		match:  1011026779-2020-08-11 14-28-46.csv _AND_  20200811-1501-1011026779s-2020-08-11 14-28-46.csv
		return: {'1011026779-2020-08-11 14-28-46.csv': ['20200811-1501-1011026779f-2020-08-11 14-28-46.csv', '20200811-1501-1011026779s-2020-08-11 14-28-46.csv']}
2020-09-17 21:49:42.404548
	DEF:  findMatchInOutFile
		match:  1011026779-2020-08-11 14-28-46.csv _AND_  20200811-1501-1011026779f-2020-08-11 14-28-46.csv
		match:  1011026779-2020-08-11 14-28-46.csv _AND_  20200811-1501-1011026779s-2020-08-11 14-28-46.csv
		return: {'1011026779-2020-08-11 14-28-46.csv': ['20200811-1501-1011026779f-2020-08-11 14-28-46.csv', '20200811-1501-1011026779s-2020-08-11 14-28-46.csv']}
2020-09-17 21:49:42.407548
	DEF:  loadCSVfile
		filename:C:/Space/maldi2/IN/1011026779-2020-08-11 14-28-46.csv
2020-09-17 21:49:42.409548
	DEF:  loadCSVfile
		filename:C:/Space/maldi2/OUT2/20200811-1501-1011026779s-2020-08-11 14-28-46.csv
2020-09-17 21:49:42.411549
	DEF:  loadCSVfile
		filename:C:/Space/maldi2/OUT2/20200811-1501-1011026779f-2020-08-11 14-28-46.csv
2020-09-17 21:49:42.414549
	DEF:  loadCSVfile
		filename:C:/Space/maldi2/IN/1011026779-2020-08-11 14-28-46.csv
2020-09-17 21:49:42.416549
	DEF:  createResultFileName
		RESULT file name created:1011026779-2020-08-11 14-28-46_RESULT.csv
2020-09-17 21:50:35.565589
	DEF:  <module>
		MALDI Converter Started
2020-09-17 21:50:35.567589
	DEF:  loadCSVfile
		filename:C:/Space/maldi2/IN/1011026779-2020-07-28 14-22-26.csv
2020-09-17 21:50:35.568589
	DEF:  loadCSVfile
		filename:C:/Space/maldi2/OUT2/20200811-1501-1011026779s-2020-08-11 14-28-46.csv
2020-09-17 21:50:35.572589
	DEF:  findMatchInOutFile
		match:  1011026779-2020-08-11 14-28-46.csv _AND_  20200811-1501-1011026779f-2020-08-11 14-28-46.csv
		match:  1011026779-2020-08-11 14-28-46.csv _AND_  20200811-1501-1011026779s-2020-08-11 14-28-46.csv
		return: {'1011026779-2020-08-11 14-28-46.csv': ['20200811-1501-1011026779f-2020-08-11 14-28-46.csv', '20200811-1501-1011026779s-2020-08-11 14-28-46.csv']}
2020-09-17 21:50:35.575589
	DEF:  findMatchInOutFile
		match:  1011026779-2020-08-11 14-28-46.csv _AND_  20200811-1501-1011026779f-2020-08-11 14-28-46.csv
		match:  1011026779-2020-08-11 14-28-46.csv _AND_  20200811-1501-1011026779s-2020-08-11 14-28-46.csv
		return: {'1011026779-2020-08-11 14-28-46.csv': ['20200811-1501-1011026779f-2020-08-11 14-28-46.csv', '20200811-1501-1011026779s-2020-08-11 14-28-46.csv']}
2020-09-17 21:50:35.578590
	DEF:  loadCSVfile
		filename:C:/Space/maldi2/IN/1011026779-2020-08-11 14-28-46.csv
2020-09-17 21:50:35.579590
	DEF:  loadCSVfile
		filename:C:/Space/maldi2/OUT2/20200811-1501-1011026779s-2020-08-11 14-28-46.csv
2020-09-17 21:50:35.581590
	DEF:  loadCSVfile
		filename:C:/Space/maldi2/OUT2/20200811-1501-1011026779f-2020-08-11 14-28-46.csv
2020-09-17 21:50:35.588590
	DEF:  loadCSVfile
		filename:C:/Space/maldi2/IN/1011026779-2020-08-11 14-28-46.csv
2020-09-17 21:50:35.590590
	DEF:  createResultFileName
		RESULT file name created:1011026779-2020-08-11 14-28-46_RESULT_X.csv
2020-09-17 21:52:57.843727
	DEF:  <module>
		MALDI Converter Started
2020-09-17 21:52:57.844727
	DEF:  loadCSVfile
		filename:C:/Space/maldi2/IN/1011026779-2020-07-28 14-22-26.csv
2020-09-17 21:52:57.846727
	DEF:  loadCSVfile
		filename:C:/Space/maldi2/OUT2/20200811-1501-1011026779s-2020-08-11 14-28-46.csv
2020-09-17 21:52:57.851727
	DEF:  findMatchInOutFile
		match:  1011026779-2020-08-11 14-28-46.csv _AND_  20200811-1501-1011026779f-2020-08-11 14-28-46.csv
		match:  1011026779-2020-08-11 14-28-46.csv _AND_  20200811-1501-1011026779s-2020-08-11 14-28-46.csv
		return: {'1011026779-2020-08-11 14-28-46.csv': ['20200811-1501-1011026779f-2020-08-11 14-28-46.csv', '20200811-1501-1011026779s-2020-08-11 14-28-46.csv']}
2020-09-17 21:52:57.854727
	DEF:  findMatchInOutFile
		match:  1011026779-2020-08-11 14-28-46.csv _AND_  20200811-1501-1011026779f-2020-08-11 14-28-46.csv
		match:  1011026779-2020-08-11 14-28-46.csv _AND_  20200811-1501-1011026779s-2020-08-11 14-28-46.csv
		return: {'1011026779-2020-08-11 14-28-46.csv': ['20200811-1501-1011026779f-2020-08-11 14-28-46.csv', '20200811-1501-1011026779s-2020-08-11 14-28-46.csv']}
2020-09-17 21:52:57.858728
	DEF:  loadCSVfile
		filename:C:/Space/maldi2/IN/1011026779-2020-08-11 14-28-46.csv
2020-09-17 21:52:57.860728
	DEF:  loadCSVfile
		filename:C:/Space/maldi2/OUT2/20200811-1501-1011026779s-2020-08-11 14-28-46.csv
2020-09-17 21:52:57.862728
	DEF:  loadCSVfile
		filename:C:/Space/maldi2/OUT2/20200811-1501-1011026779f-2020-08-11 14-28-46.csv
2020-09-17 21:52:57.868728
	DEF:  loadCSVfile
		filename:C:/Space/maldi2/IN/1011026779-2020-08-11 14-28-46.csv
2020-09-17 21:52:57.870728
	DEF:  createResultFileName
		RESULT file name created:1011026779-2020-08-11 14-28-46_RESULT_X.csv
2020-09-17 21:54:03.519483
	DEF:  <module>
		MALDI Converter Started
2020-09-17 21:54:03.520483
	DEF:  loadCSVfile
		filename:C:/Space/maldi2/IN/1011026779-2020-07-28 14-22-26.csv
2020-09-17 21:54:03.522483
	DEF:  loadCSVfile
		filename:C:/Space/maldi2/OUT2/20200811-1501-1011026779s-2020-08-11 14-28-46.csv
2020-09-17 21:54:03.525483
	DEF:  findMatchInOutFile
		match:  1011026779-2020-08-11 14-28-46.csv _AND_  20200811-1501-1011026779f-2020-08-11 14-28-46.csv
		match:  1011026779-2020-08-11 14-28-46.csv _AND_  20200811-1501-1011026779s-2020-08-11 14-28-46.csv
		return: {'1011026779-2020-08-11 14-28-46.csv': ['20200811-1501-1011026779f-2020-08-11 14-28-46.csv', '20200811-1501-1011026779s-2020-08-11 14-28-46.csv']}
2020-09-17 21:54:03.529484
	DEF:  findMatchInOutFile
		match:  1011026779-2020-08-11 14-28-46.csv _AND_  20200811-1501-1011026779f-2020-08-11 14-28-46.csv
		match:  1011026779-2020-08-11 14-28-46.csv _AND_  20200811-1501-1011026779s-2020-08-11 14-28-46.csv
		return: {'1011026779-2020-08-11 14-28-46.csv': ['20200811-1501-1011026779f-2020-08-11 14-28-46.csv', '20200811-1501-1011026779s-2020-08-11 14-28-46.csv']}
2020-09-17 21:54:03.531484
	DEF:  loadCSVfile
		filename:C:/Space/maldi2/IN/1011026779-2020-08-11 14-28-46.csv
2020-09-17 21:54:03.533484
	DEF:  loadCSVfile
		filename:C:/Space/maldi2/OUT2/20200811-1501-1011026779s-2020-08-11 14-28-46.csv
2020-09-17 21:54:03.535484
	DEF:  loadCSVfile
		filename:C:/Space/maldi2/OUT2/20200811-1501-1011026779f-2020-08-11 14-28-46.csv
2020-09-17 21:54:03.540484
	DEF:  loadCSVfile
		filename:C:/Space/maldi2/IN/1011026779-2020-08-11 14-28-46.csv
2020-09-17 21:54:03.541484
	DEF:  createResultFileName
		RESULT file name created:1011026779-2020-08-11 14-28-46_RESULT_X.csv
2020-09-17 21:54:12.763012
	DEF:  <module>
		MALDI Converter Started
2020-09-17 21:54:12.764012
	DEF:  loadCSVfile
		filename:C:/Space/maldi2/IN/1011026779-2020-07-28 14-22-26.csv
2020-09-17 21:54:12.765012
	DEF:  loadCSVfile
		filename:C:/Space/maldi2/OUT2/20200811-1501-1011026779s-2020-08-11 14-28-46.csv
2020-09-17 21:54:12.769012
	DEF:  findMatchInOutFile
		match:  1011026779-2020-08-11 14-28-46.csv _AND_  20200811-1501-1011026779f-2020-08-11 14-28-46.csv
		match:  1011026779-2020-08-11 14-28-46.csv _AND_  20200811-1501-1011026779s-2020-08-11 14-28-46.csv
		return: {'1011026779-2020-08-11 14-28-46.csv': ['20200811-1501-1011026779f-2020-08-11 14-28-46.csv', '20200811-1501-1011026779s-2020-08-11 14-28-46.csv']}
2020-09-17 21:54:12.772012
	DEF:  findMatchInOutFile
		match:  1011026779-2020-08-11 14-28-46.csv _AND_  20200811-1501-1011026779f-2020-08-11 14-28-46.csv
		match:  1011026779-2020-08-11 14-28-46.csv _AND_  20200811-1501-1011026779s-2020-08-11 14-28-46.csv
		return: {'1011026779-2020-08-11 14-28-46.csv': ['20200811-1501-1011026779f-2020-08-11 14-28-46.csv', '20200811-1501-1011026779s-2020-08-11 14-28-46.csv']}
2020-09-17 21:54:12.775012
	DEF:  loadCSVfile
		filename:C:/Space/maldi2/IN/1011026779-2020-08-11 14-28-46.csv
2020-09-17 21:54:12.776013
	DEF:  loadCSVfile
		filename:C:/Space/maldi2/OUT2/20200811-1501-1011026779s-2020-08-11 14-28-46.csv
2020-09-17 21:54:12.779013
	DEF:  loadCSVfile
		filename:C:/Space/maldi2/OUT2/20200811-1501-1011026779f-2020-08-11 14-28-46.csv
2020-09-17 21:54:12.782013
	DEF:  loadCSVfile
		filename:C:/Space/maldi2/IN/1011026779-2020-08-11 14-28-46.csv
2020-09-17 21:54:12.784013
	DEF:  createResultFileName
		RESULT file name created:1011026779-2020-08-11 14-28-46_RESULT_X.csv
2020-09-17 21:54:41.443652
	DEF:  <module>
		MALDI Converter Started
2020-09-17 21:54:41.444652
	DEF:  loadCSVfile
		filename:C:/Space/maldi2/IN/1011026779-2020-07-28 14-22-26.csv
2020-09-17 21:54:41.446652
	DEF:  loadCSVfile
		filename:C:/Space/maldi2/OUT2/20200811-1501-1011026779s-2020-08-11 14-28-46.csv
2020-09-17 21:54:41.449653
	DEF:  findMatchInOutFile
		match:  1011026779-2020-08-11 14-28-46.csv _AND_  20200811-1501-1011026779f-2020-08-11 14-28-46.csv
		match:  1011026779-2020-08-11 14-28-46.csv _AND_  20200811-1501-1011026779s-2020-08-11 14-28-46.csv
		return: {'1011026779-2020-08-11 14-28-46.csv': ['20200811-1501-1011026779f-2020-08-11 14-28-46.csv', '20200811-1501-1011026779s-2020-08-11 14-28-46.csv']}
2020-09-17 21:54:41.452653
	DEF:  findMatchInOutFile
		match:  1011026779-2020-08-11 14-28-46.csv _AND_  20200811-1501-1011026779f-2020-08-11 14-28-46.csv
		match:  1011026779-2020-08-11 14-28-46.csv _AND_  20200811-1501-1011026779s-2020-08-11 14-28-46.csv
		return: {'1011026779-2020-08-11 14-28-46.csv': ['20200811-1501-1011026779f-2020-08-11 14-28-46.csv', '20200811-1501-1011026779s-2020-08-11 14-28-46.csv']}
2020-09-17 21:54:41.455653
	DEF:  loadCSVfile
		filename:C:/Space/maldi2/IN/1011026779-2020-08-11 14-28-46.csv
2020-09-17 21:54:41.457653
	DEF:  loadCSVfile
		filename:C:/Space/maldi2/OUT2/20200811-1501-1011026779s-2020-08-11 14-28-46.csv
2020-09-17 21:54:41.459653
	DEF:  loadCSVfile
		filename:C:/Space/maldi2/OUT2/20200811-1501-1011026779f-2020-08-11 14-28-46.csv
2020-09-17 21:54:41.463653
	DEF:  loadCSVfile
		filename:C:/Space/maldi2/IN/1011026779-2020-08-11 14-28-46.csv
2020-09-17 21:54:41.465653
	DEF:  createResultFileName
		RESULT file name created:1011026779-2020-08-11 14-28-46_RESULT_X.csv
2020-09-17 22:01:53.769380
	DEF:  <module>
		MALDI Converter Started
2020-09-17 22:01:54.443418
	DEF:  loadCSVfile
		filename:C:/Space/maldi2/IN/1011026779-2020-07-28 14-22-26.csv
2020-09-17 22:01:54.444418
	DEF:  loadCSVfile
		filename:C:/Space/maldi2/OUT2/20200811-1501-1011026779s-2020-08-11 14-28-46.csv
2020-09-17 22:01:54.448419
	DEF:  findMatchInOutFile
		match:  1011026779-2020-08-11 14-28-46.csv _AND_  20200811-1501-1011026779f-2020-08-11 14-28-46.csv
		match:  1011026779-2020-08-11 14-28-46.csv _AND_  20200811-1501-1011026779s-2020-08-11 14-28-46.csv
		return: {'1011026779-2020-08-11 14-28-46.csv': ['20200811-1501-1011026779f-2020-08-11 14-28-46.csv', '20200811-1501-1011026779s-2020-08-11 14-28-46.csv']}
2020-09-17 22:01:54.476420
	DEF:  findMatchInOutFile
		match:  1011026779-2020-08-11 14-28-46.csv _AND_  20200811-1501-1011026779f-2020-08-11 14-28-46.csv
		match:  1011026779-2020-08-11 14-28-46.csv _AND_  20200811-1501-1011026779s-2020-08-11 14-28-46.csv
		return: {'1011026779-2020-08-11 14-28-46.csv': ['20200811-1501-1011026779f-2020-08-11 14-28-46.csv', '20200811-1501-1011026779s-2020-08-11 14-28-46.csv']}
2020-09-17 22:01:54.479420
	DEF:  loadCSVfile
		filename:C:/Space/maldi2/IN/1011026779-2020-08-11 14-28-46.csv
2020-09-17 22:01:54.480421
	DEF:  loadCSVfile
		filename:C:/Space/maldi2/OUT2/20200811-1501-1011026779s-2020-08-11 14-28-46.csv
2020-09-17 22:01:54.482421
	DEF:  loadCSVfile
		filename:C:/Space/maldi2/OUT2/20200811-1501-1011026779f-2020-08-11 14-28-46.csv
2020-09-17 22:01:54.487421
	DEF:  loadCSVfile
		filename:C:/Space/maldi2/IN/1011026779-2020-08-11 14-28-46.csv
2020-09-17 22:01:54.506422
	DEF:  createResultFileName
		RESULT file name created:1011026779-2020-08-11 14-28-46_RESULT_X.csv
2020-09-17 22:11:26.577143
	DEF:  <module>
		MALDI Converter Started
2020-09-17 22:11:27.250181
	DEF:  loadCSVfile
		filename:C:/Space/maldi2/IN/1011026779-2020-07-28 14-22-26.csv
2020-09-17 22:11:31.789441
	DEF:  <module>
		MALDI Converter Started
2020-09-17 22:11:31.790441
	DEF:  loadCSVfile
		filename:C:/Space/maldi2/IN/1011026779-2020-07-28 14-22-26.csv
2020-09-17 22:11:31.792441
	DEF:  loadCSVfile
		filename:C:/Space/maldi2/OUT2/20200811-1501-1011026779s-2020-08-11 14-28-46.csv
2020-09-17 22:11:31.796441
	DEF:  findMatchInOutFile
		match:  1011026779-2020-08-11 14-28-46.csv _AND_  20200811-1501-1011026779f-2020-08-11 14-28-46.csv
		match:  1011026779-2020-08-11 14-28-46.csv _AND_  20200811-1501-1011026779s-2020-08-11 14-28-46.csv
		return: {'1011026779-2020-08-11 14-28-46.csv': ['20200811-1501-1011026779f-2020-08-11 14-28-46.csv', '20200811-1501-1011026779s-2020-08-11 14-28-46.csv']}
2020-09-17 22:11:31.799441
	DEF:  findMatchInOutFile
		match:  1011026779-2020-08-11 14-28-46.csv _AND_  20200811-1501-1011026779f-2020-08-11 14-28-46.csv
		match:  1011026779-2020-08-11 14-28-46.csv _AND_  20200811-1501-1011026779s-2020-08-11 14-28-46.csv
		return: {'1011026779-2020-08-11 14-28-46.csv': ['20200811-1501-1011026779f-2020-08-11 14-28-46.csv', '20200811-1501-1011026779s-2020-08-11 14-28-46.csv']}
2020-09-17 22:11:31.802441
	DEF:  loadCSVfile
		filename:C:/Space/maldi2/IN/1011026779-2020-08-11 14-28-46.csv
2020-09-17 22:11:31.804442
	DEF:  loadCSVfile
		filename:C:/Space/maldi2/OUT2/20200811-1501-1011026779s-2020-08-11 14-28-46.csv
2020-09-17 22:11:31.806442
	DEF:  loadCSVfile
		filename:C:/Space/maldi2/OUT2/20200811-1501-1011026779f-2020-08-11 14-28-46.csv
2020-09-17 22:11:31.809442
	DEF:  loadCSVfile
		filename:C:/Space/maldi2/IN/1011026779-2020-08-11 14-28-46.csv
2020-09-17 22:11:31.811442
	DEF:  createResultFileName
		RESULT file name created:1011026779-2020-08-11 14-28-46_RESULT_X.csv
2020-09-17 22:13:31.960314
	DEF:  <module>
		MALDI Converter Started
2020-09-17 22:13:31.962314
	DEF:  loadCSVfile
		filename:C:/Space/maldi2/IN/1011026779-2020-07-28 14-22-26.csv
2020-09-17 22:13:31.963314
	DEF:  loadCSVfile
		filename:C:/Space/maldi2/OUT2/20200811-1501-1011026779s-2020-08-11 14-28-46.csv
2020-09-17 22:13:31.967314
	DEF:  findMatchInOutFile
		match:  1011026779-2020-08-11 14-28-46.csv _AND_  20200811-1501-1011026779f-2020-08-11 14-28-46.csv
		match:  1011026779-2020-08-11 14-28-46.csv _AND_  20200811-1501-1011026779s-2020-08-11 14-28-46.csv
		return: {'1011026779-2020-08-11 14-28-46.csv': ['20200811-1501-1011026779f-2020-08-11 14-28-46.csv', '20200811-1501-1011026779s-2020-08-11 14-28-46.csv']}
2020-09-17 22:13:31.970315
	DEF:  findMatchInOutFile
		match:  1011026779-2020-08-11 14-28-46.csv _AND_  20200811-1501-1011026779f-2020-08-11 14-28-46.csv
		match:  1011026779-2020-08-11 14-28-46.csv _AND_  20200811-1501-1011026779s-2020-08-11 14-28-46.csv
		return: {'1011026779-2020-08-11 14-28-46.csv': ['20200811-1501-1011026779f-2020-08-11 14-28-46.csv', '20200811-1501-1011026779s-2020-08-11 14-28-46.csv']}
2020-09-17 22:13:31.973315
	DEF:  loadCSVfile
		filename:C:/Space/maldi2/IN/1011026779-2020-08-11 14-28-46.csv
2020-09-17 22:13:31.975315
	DEF:  loadCSVfile
		filename:C:/Space/maldi2/OUT2/20200811-1501-1011026779s-2020-08-11 14-28-46.csv
2020-09-17 22:13:31.977315
	DEF:  loadCSVfile
		filename:C:/Space/maldi2/OUT2/20200811-1501-1011026779f-2020-08-11 14-28-46.csv
2020-09-17 22:13:31.983315
	DEF:  loadCSVfile
		filename:C:/Space/maldi2/IN/1011026779-2020-08-11 14-28-46.csv
2020-09-17 22:13:31.993316
	DEF:  createResultFileName
		RESULT file name created:1011026779-2020-08-11 14-28-46_RESULT_X.csv
2020-09-17 22:13:37.814649
	DEF:  <module>
		MALDI Converter Started
2020-09-17 22:13:37.815649
	DEF:  loadCSVfile
		filename:C:/Space/maldi2/IN/1011026779-2020-07-28 14-22-26.csv
2020-09-17 22:13:37.817649
	DEF:  loadCSVfile
		filename:C:/Space/maldi2/OUT2/20200811-1501-1011026779s-2020-08-11 14-28-46.csv
2020-09-17 22:13:37.821649
	DEF:  findMatchInOutFile
		match:  1011026779-2020-08-11 14-28-46.csv _AND_  20200811-1501-1011026779f-2020-08-11 14-28-46.csv
		match:  1011026779-2020-08-11 14-28-46.csv _AND_  20200811-1501-1011026779s-2020-08-11 14-28-46.csv
		return: {'1011026779-2020-08-11 14-28-46.csv': ['20200811-1501-1011026779f-2020-08-11 14-28-46.csv', '20200811-1501-1011026779s-2020-08-11 14-28-46.csv']}
2020-09-17 22:13:37.823649
	DEF:  findMatchInOutFile
		match:  1011026779-2020-08-11 14-28-46.csv _AND_  20200811-1501-1011026779f-2020-08-11 14-28-46.csv
		match:  1011026779-2020-08-11 14-28-46.csv _AND_  20200811-1501-1011026779s-2020-08-11 14-28-46.csv
		return: {'1011026779-2020-08-11 14-28-46.csv': ['20200811-1501-1011026779f-2020-08-11 14-28-46.csv', '20200811-1501-1011026779s-2020-08-11 14-28-46.csv']}
2020-09-17 22:13:37.826650
	DEF:  loadCSVfile
		filename:C:/Space/maldi2/IN/1011026779-2020-08-11 14-28-46.csv
2020-09-17 22:13:37.828650
	DEF:  loadCSVfile
		filename:C:/Space/maldi2/OUT2/20200811-1501-1011026779s-2020-08-11 14-28-46.csv
2020-09-17 22:13:37.830650
	DEF:  loadCSVfile
		filename:C:/Space/maldi2/OUT2/20200811-1501-1011026779f-2020-08-11 14-28-46.csv
2020-09-17 22:13:37.833650
	DEF:  loadCSVfile
		filename:C:/Space/maldi2/IN/1011026779-2020-08-11 14-28-46.csv
2020-09-17 22:13:37.835650
	DEF:  createResultFileName
		RESULT file name created:1011026779-2020-08-11 14-28-46_RESULT_X.csv
2020-09-17 22:13:45.613095
	DEF:  <module>
		MALDI Converter Started
2020-09-17 22:13:45.614095
	DEF:  loadCSVfile
		filename:C:/Space/maldi2/IN/1011026779-2020-07-28 14-22-26.csv
2020-09-17 22:13:45.616095
	DEF:  loadCSVfile
		filename:C:/Space/maldi2/OUT2/20200811-1501-1011026779s-2020-08-11 14-28-46.csv
2020-09-17 22:13:45.620095
	DEF:  findMatchInOutFile
		match:  1011026779-2020-08-11 14-28-46.csv _AND_  20200811-1501-1011026779f-2020-08-11 14-28-46.csv
		match:  1011026779-2020-08-11 14-28-46.csv _AND_  20200811-1501-1011026779s-2020-08-11 14-28-46.csv
		return: {'1011026779-2020-08-11 14-28-46.csv': ['20200811-1501-1011026779f-2020-08-11 14-28-46.csv', '20200811-1501-1011026779s-2020-08-11 14-28-46.csv']}
2020-09-17 22:13:45.623096
	DEF:  findMatchInOutFile
		match:  1011026779-2020-08-11 14-28-46.csv _AND_  20200811-1501-1011026779f-2020-08-11 14-28-46.csv
		match:  1011026779-2020-08-11 14-28-46.csv _AND_  20200811-1501-1011026779s-2020-08-11 14-28-46.csv
		return: {'1011026779-2020-08-11 14-28-46.csv': ['20200811-1501-1011026779f-2020-08-11 14-28-46.csv', '20200811-1501-1011026779s-2020-08-11 14-28-46.csv']}
2020-09-17 22:13:45.626096
	DEF:  loadCSVfile
		filename:C:/Space/maldi2/IN/1011026779-2020-08-11 14-28-46.csv
2020-09-17 22:13:45.628096
	DEF:  loadCSVfile
		filename:C:/Space/maldi2/OUT2/20200811-1501-1011026779s-2020-08-11 14-28-46.csv
2020-09-17 22:13:45.630096
	DEF:  loadCSVfile
		filename:C:/Space/maldi2/OUT2/20200811-1501-1011026779f-2020-08-11 14-28-46.csv
2020-09-17 22:13:45.634096
	DEF:  loadCSVfile
		filename:C:/Space/maldi2/IN/1011026779-2020-08-11 14-28-46.csv
2020-09-17 22:13:45.651097
	DEF:  createResultFileName
		RESULT file name created:1011026779-2020-08-11 14-28-46_RESULT_X.csv
2020-09-17 22:14:37.004034
	DEF:  <module>
		MALDI Converter Started
2020-09-17 22:14:37.006034
	DEF:  loadCSVfile
		filename:C:/Space/maldi2/IN/1011026779-2020-07-28 14-22-26.csv
2020-09-17 22:14:37.007035
	DEF:  loadCSVfile
		filename:C:/Space/maldi2/OUT2/20200811-1501-1011026779s-2020-08-11 14-28-46.csv
2020-09-17 22:14:37.011035
	DEF:  findMatchInOutFile
		match:  1011026779-2020-08-11 14-28-46.csv _AND_  20200811-1501-1011026779f-2020-08-11 14-28-46.csv
		match:  1011026779-2020-08-11 14-28-46.csv _AND_  20200811-1501-1011026779s-2020-08-11 14-28-46.csv
		return: {'1011026779-2020-08-11 14-28-46.csv': ['20200811-1501-1011026779f-2020-08-11 14-28-46.csv', '20200811-1501-1011026779s-2020-08-11 14-28-46.csv']}
2020-09-17 22:14:37.013035
	DEF:  findMatchInOutFile
		match:  1011026779-2020-08-11 14-28-46.csv _AND_  20200811-1501-1011026779f-2020-08-11 14-28-46.csv
		match:  1011026779-2020-08-11 14-28-46.csv _AND_  20200811-1501-1011026779s-2020-08-11 14-28-46.csv
		return: {'1011026779-2020-08-11 14-28-46.csv': ['20200811-1501-1011026779f-2020-08-11 14-28-46.csv', '20200811-1501-1011026779s-2020-08-11 14-28-46.csv']}
2020-09-17 22:14:37.016035
	DEF:  loadCSVfile
		filename:C:/Space/maldi2/IN/1011026779-2020-08-11 14-28-46.csv
2020-09-17 22:14:37.018035
	DEF:  loadCSVfile
		filename:C:/Space/maldi2/OUT2/20200811-1501-1011026779s-2020-08-11 14-28-46.csv
2020-09-17 22:14:37.020035
	DEF:  loadCSVfile
		filename:C:/Space/maldi2/OUT2/20200811-1501-1011026779f-2020-08-11 14-28-46.csv
2020-09-17 22:14:37.027036
	DEF:  loadCSVfile
		filename:C:/Space/maldi2/IN/1011026779-2020-08-11 14-28-46.csv
2020-09-17 22:14:37.029036
	DEF:  createResultFileName
		RESULT file name created:1011026779-2020-08-11 14-28-46_RESULT_X.csv
2020-09-17 22:14:47.374628
	DEF:  <module>
		MALDI Converter Started
2020-09-17 22:14:47.375628
	DEF:  loadCSVfile
		filename:C:/Space/maldi2/IN/1011026779-2020-07-28 14-22-26.csv
2020-09-17 22:14:47.377628
	DEF:  loadCSVfile
		filename:C:/Space/maldi2/OUT2/20200811-1501-1011026779s-2020-08-11 14-28-46.csv
2020-09-17 22:14:47.381628
	DEF:  findMatchInOutFile
		match:  1011026779-2020-08-11 14-28-46.csv _AND_  20200811-1501-1011026779f-2020-08-11 14-28-46.csv
		match:  1011026779-2020-08-11 14-28-46.csv _AND_  20200811-1501-1011026779s-2020-08-11 14-28-46.csv
		return: {'1011026779-2020-08-11 14-28-46.csv': ['20200811-1501-1011026779f-2020-08-11 14-28-46.csv', '20200811-1501-1011026779s-2020-08-11 14-28-46.csv']}
2020-09-17 22:14:47.384628
	DEF:  findMatchInOutFile
		match:  1011026779-2020-08-11 14-28-46.csv _AND_  20200811-1501-1011026779f-2020-08-11 14-28-46.csv
		match:  1011026779-2020-08-11 14-28-46.csv _AND_  20200811-1501-1011026779s-2020-08-11 14-28-46.csv
		return: {'1011026779-2020-08-11 14-28-46.csv': ['20200811-1501-1011026779f-2020-08-11 14-28-46.csv', '20200811-1501-1011026779s-2020-08-11 14-28-46.csv']}
2020-09-17 22:14:47.387628
	DEF:  loadCSVfile
		filename:C:/Space/maldi2/IN/1011026779-2020-08-11 14-28-46.csv
2020-09-17 22:14:47.389628
	DEF:  loadCSVfile
		filename:C:/Space/maldi2/OUT2/20200811-1501-1011026779s-2020-08-11 14-28-46.csv
2020-09-17 22:14:47.391629
	DEF:  loadCSVfile
		filename:C:/Space/maldi2/OUT2/20200811-1501-1011026779f-2020-08-11 14-28-46.csv
2020-09-17 22:14:47.394629
	DEF:  loadCSVfile
		filename:C:/Space/maldi2/IN/1011026779-2020-08-11 14-28-46.csv
2020-09-17 22:14:47.396629
	DEF:  createResultFileName
		RESULT file name created:1011026779-2020-08-11 14-28-46_RESULT_X.csv
2020-09-17 22:15:31.286139
	DEF:  <module>
		MALDI Converter Started
2020-09-17 22:15:31.287139
	DEF:  loadCSVfile
		filename:C:/Space/maldi2/IN/1011026779-2020-07-28 14-22-26.csv
2020-09-17 22:15:31.289139
	DEF:  loadCSVfile
		filename:C:/Space/maldi2/OUT2/20200811-1501-1011026779s-2020-08-11 14-28-46.csv
2020-09-17 22:15:31.293140
	DEF:  findMatchInOutFile
		match:  1011026779-2020-08-11 14-28-46.csv _AND_  20200811-1501-1011026779f-2020-08-11 14-28-46.csv
		match:  1011026779-2020-08-11 14-28-46.csv _AND_  20200811-1501-1011026779s-2020-08-11 14-28-46.csv
		return: {'1011026779-2020-08-11 14-28-46.csv': ['20200811-1501-1011026779f-2020-08-11 14-28-46.csv', '20200811-1501-1011026779s-2020-08-11 14-28-46.csv']}
2020-09-17 22:15:31.295140
	DEF:  findMatchInOutFile
		match:  1011026779-2020-08-11 14-28-46.csv _AND_  20200811-1501-1011026779f-2020-08-11 14-28-46.csv
		match:  1011026779-2020-08-11 14-28-46.csv _AND_  20200811-1501-1011026779s-2020-08-11 14-28-46.csv
		return: {'1011026779-2020-08-11 14-28-46.csv': ['20200811-1501-1011026779f-2020-08-11 14-28-46.csv', '20200811-1501-1011026779s-2020-08-11 14-28-46.csv']}
2020-09-17 22:15:31.298140
	DEF:  loadCSVfile
		filename:C:/Space/maldi2/IN/1011026779-2020-08-11 14-28-46.csv
2020-09-17 22:15:31.300140
	DEF:  loadCSVfile
		filename:C:/Space/maldi2/OUT2/20200811-1501-1011026779s-2020-08-11 14-28-46.csv
2020-09-17 22:15:31.302140
	DEF:  loadCSVfile
		filename:C:/Space/maldi2/OUT2/20200811-1501-1011026779f-2020-08-11 14-28-46.csv
2020-09-17 22:15:31.305140
	DEF:  loadCSVfile
		filename:C:/Space/maldi2/IN/1011026779-2020-08-11 14-28-46.csv
2020-09-17 22:15:51.433291
	DEF:  <module>
		MALDI Converter Started
2020-09-17 22:15:51.435292
	DEF:  loadCSVfile
		filename:C:/Space/maldi2/IN/1011026779-2020-07-28 14-22-26.csv
2020-09-17 22:15:51.436292
	DEF:  loadCSVfile
		filename:C:/Space/maldi2/OUT2/20200811-1501-1011026779s-2020-08-11 14-28-46.csv
2020-09-17 22:15:51.440292
	DEF:  findMatchInOutFile
		match:  1011026779-2020-08-11 14-28-46.csv _AND_  20200811-1501-1011026779f-2020-08-11 14-28-46.csv
		match:  1011026779-2020-08-11 14-28-46.csv _AND_  20200811-1501-1011026779s-2020-08-11 14-28-46.csv
		return: {'1011026779-2020-08-11 14-28-46.csv': ['20200811-1501-1011026779f-2020-08-11 14-28-46.csv', '20200811-1501-1011026779s-2020-08-11 14-28-46.csv']}
2020-09-17 22:15:51.443292
	DEF:  findMatchInOutFile
		match:  1011026779-2020-08-11 14-28-46.csv _AND_  20200811-1501-1011026779f-2020-08-11 14-28-46.csv
		match:  1011026779-2020-08-11 14-28-46.csv _AND_  20200811-1501-1011026779s-2020-08-11 14-28-46.csv
		return: {'1011026779-2020-08-11 14-28-46.csv': ['20200811-1501-1011026779f-2020-08-11 14-28-46.csv', '20200811-1501-1011026779s-2020-08-11 14-28-46.csv']}
2020-09-17 22:15:51.446292
	DEF:  loadCSVfile
		filename:C:/Space/maldi2/IN/1011026779-2020-08-11 14-28-46.csv
2020-09-17 22:15:51.448292
	DEF:  loadCSVfile
		filename:C:/Space/maldi2/OUT2/20200811-1501-1011026779s-2020-08-11 14-28-46.csv
2020-09-17 22:15:51.450292
	DEF:  loadCSVfile
		filename:C:/Space/maldi2/OUT2/20200811-1501-1011026779f-2020-08-11 14-28-46.csv
2020-09-17 22:15:51.456293
	DEF:  loadCSVfile
		filename:C:/Space/maldi2/IN/1011026779-2020-08-11 14-28-46.csv
2020-09-17 22:15:51.458293
	DEF:  createResultFileName
		RESULT file name created:1011026779-2020-08-11 14-28-46_RESULT_X.csv
2020-09-17 22:17:55.356379
	DEF:  <module>
		MALDI Converter Started
2020-09-17 22:17:55.358380
	DEF:  loadCSVfile
		filename:C:/Space/maldi2/IN/1011026779-2020-07-28 14-22-26.csv
2020-09-17 22:17:55.359380
	DEF:  loadCSVfile
		filename:C:/Space/maldi2/OUT2/20200811-1501-1011026779s-2020-08-11 14-28-46.csv
2020-09-17 22:17:55.363380
	DEF:  findMatchInOutFile
		match:  1011026779-2020-08-11 14-28-46.csv _AND_  20200811-1501-1011026779f-2020-08-11 14-28-46.csv
		match:  1011026779-2020-08-11 14-28-46.csv _AND_  20200811-1501-1011026779s-2020-08-11 14-28-46.csv
		return: {'1011026779-2020-08-11 14-28-46.csv': ['20200811-1501-1011026779f-2020-08-11 14-28-46.csv', '20200811-1501-1011026779s-2020-08-11 14-28-46.csv']}
2020-09-17 22:17:55.366380
	DEF:  findMatchInOutFile
		match:  1011026779-2020-08-11 14-28-46.csv _AND_  20200811-1501-1011026779f-2020-08-11 14-28-46.csv
		match:  1011026779-2020-08-11 14-28-46.csv _AND_  20200811-1501-1011026779s-2020-08-11 14-28-46.csv
		return: {'1011026779-2020-08-11 14-28-46.csv': ['20200811-1501-1011026779f-2020-08-11 14-28-46.csv', '20200811-1501-1011026779s-2020-08-11 14-28-46.csv']}
2020-09-17 22:17:55.369380
	DEF:  loadCSVfile
		filename:C:/Space/maldi2/IN/1011026779-2020-08-11 14-28-46.csv
2020-09-17 22:17:55.371380
	DEF:  loadCSVfile
		filename:C:/Space/maldi2/OUT2/20200811-1501-1011026779s-2020-08-11 14-28-46.csv
2020-09-17 22:17:55.373380
	DEF:  loadCSVfile
		filename:C:/Space/maldi2/OUT2/20200811-1501-1011026779f-2020-08-11 14-28-46.csv
2020-09-17 22:17:55.376381
	DEF:  loadCSVfile
		filename:C:/Space/maldi2/IN/1011026779-2020-08-11 14-28-46.csv
2020-09-17 22:17:55.378381
	DEF:  createResultFileName
		RESULT file name created:1011026779-2020-08-11 14-28-46_RESULT_X.csv
2020-09-17 22:18:11.627310
	DEF:  <module>
		MALDI Converter Started
2020-09-17 22:18:11.628310
	DEF:  loadCSVfile
		filename:C:/Space/maldi2/IN/1011026779-2020-07-28 14-22-26.csv
2020-09-17 22:18:11.630310
	DEF:  loadCSVfile
		filename:C:/Space/maldi2/OUT2/20200811-1501-1011026779s-2020-08-11 14-28-46.csv
2020-09-17 22:18:11.634311
	DEF:  findMatchInOutFile
		match:  1011026779-2020-08-11 14-28-46.csv _AND_  20200811-1501-1011026779f-2020-08-11 14-28-46.csv
		match:  1011026779-2020-08-11 14-28-46.csv _AND_  20200811-1501-1011026779s-2020-08-11 14-28-46.csv
		return: {'1011026779-2020-08-11 14-28-46.csv': ['20200811-1501-1011026779f-2020-08-11 14-28-46.csv', '20200811-1501-1011026779s-2020-08-11 14-28-46.csv']}
2020-09-17 22:18:11.637311
	DEF:  findMatchInOutFile
		match:  1011026779-2020-08-11 14-28-46.csv _AND_  20200811-1501-1011026779f-2020-08-11 14-28-46.csv
		match:  1011026779-2020-08-11 14-28-46.csv _AND_  20200811-1501-1011026779s-2020-08-11 14-28-46.csv
		return: {'1011026779-2020-08-11 14-28-46.csv': ['20200811-1501-1011026779f-2020-08-11 14-28-46.csv', '20200811-1501-1011026779s-2020-08-11 14-28-46.csv']}
2020-09-17 22:18:11.640311
	DEF:  loadCSVfile
		filename:C:/Space/maldi2/IN/1011026779-2020-08-11 14-28-46.csv
2020-09-17 22:18:11.641311
	DEF:  loadCSVfile
		filename:C:/Space/maldi2/OUT2/20200811-1501-1011026779s-2020-08-11 14-28-46.csv
2020-09-17 22:18:11.645311
	DEF:  loadCSVfile
		filename:C:/Space/maldi2/OUT2/20200811-1501-1011026779f-2020-08-11 14-28-46.csv
2020-09-17 22:18:11.652312
	DEF:  loadCSVfile
		filename:C:/Space/maldi2/IN/1011026779-2020-08-11 14-28-46.csv
2020-09-17 22:18:11.654312
	DEF:  createResultFileName
		RESULT file name created:1011026779-2020-08-11 14-28-46_RESULT_X.csv
2020-09-17 22:20:51.271441
	DEF:  <module>
		MALDI Converter Started
2020-09-17 22:20:51.273441
	DEF:  loadCSVfile
		filename:C:/Space/maldi2/IN/1011026779-2020-07-28 14-22-26.csv
2020-09-17 22:20:51.274441
	DEF:  loadCSVfile
		filename:C:/Space/maldi2/OUT2/20200811-1501-1011026779s-2020-08-11 14-28-46.csv
2020-09-17 22:20:51.278442
	DEF:  findMatchInOutFile
		match:  1011026779-2020-08-11 14-28-46.csv _AND_  20200811-1501-1011026779f-2020-08-11 14-28-46.csv
		match:  1011026779-2020-08-11 14-28-46.csv _AND_  20200811-1501-1011026779s-2020-08-11 14-28-46.csv
		return: {'1011026779-2020-08-11 14-28-46.csv': ['20200811-1501-1011026779f-2020-08-11 14-28-46.csv', '20200811-1501-1011026779s-2020-08-11 14-28-46.csv']}
2020-09-17 22:20:51.281442
	DEF:  findMatchInOutFile
		match:  1011026779-2020-08-11 14-28-46.csv _AND_  20200811-1501-1011026779f-2020-08-11 14-28-46.csv
		match:  1011026779-2020-08-11 14-28-46.csv _AND_  20200811-1501-1011026779s-2020-08-11 14-28-46.csv
		return: {'1011026779-2020-08-11 14-28-46.csv': ['20200811-1501-1011026779f-2020-08-11 14-28-46.csv', '20200811-1501-1011026779s-2020-08-11 14-28-46.csv']}
2020-09-17 22:20:51.284442
	DEF:  loadCSVfile
		filename:C:/Space/maldi2/IN/1011026779-2020-08-11 14-28-46.csv
2020-09-17 22:20:51.286442
	DEF:  loadCSVfile
		filename:C:/Space/maldi2/OUT2/20200811-1501-1011026779s-2020-08-11 14-28-46.csv
2020-09-17 22:20:51.288442
	DEF:  loadCSVfile
		filename:C:/Space/maldi2/OUT2/20200811-1501-1011026779f-2020-08-11 14-28-46.csv
2020-09-17 22:20:51.294443
	DEF:  loadCSVfile
		filename:C:/Space/maldi2/IN/1011026779-2020-08-11 14-28-46.csv
2020-09-17 22:20:51.297443
	DEF:  createResultFileName
		RESULT file name created:1011026779-2020-08-11 14-28-46_RESULT_X.csv
2020-09-17 22:21:35.509972
	DEF:  <module>
		MALDI Converter Started
2020-09-17 22:21:35.510972
	DEF:  loadCSVfile
		filename:C:/Space/maldi2/IN/1011026779-2020-07-28 14-22-26.csv
2020-09-17 22:21:35.512972
	DEF:  loadCSVfile
		filename:C:/Space/maldi2/OUT2/20200811-1501-1011026779s-2020-08-11 14-28-46.csv
2020-09-17 22:21:35.515972
	DEF:  findMatchInOutFile
		match:  1011026779-2020-08-11 14-28-46.csv _AND_  20200811-1501-1011026779f-2020-08-11 14-28-46.csv
		match:  1011026779-2020-08-11 14-28-46.csv _AND_  20200811-1501-1011026779s-2020-08-11 14-28-46.csv
		return: {'1011026779-2020-08-11 14-28-46.csv': ['20200811-1501-1011026779f-2020-08-11 14-28-46.csv', '20200811-1501-1011026779s-2020-08-11 14-28-46.csv']}
2020-09-17 22:21:35.518972
	DEF:  findMatchInOutFile
		match:  1011026779-2020-08-11 14-28-46.csv _AND_  20200811-1501-1011026779f-2020-08-11 14-28-46.csv
		match:  1011026779-2020-08-11 14-28-46.csv _AND_  20200811-1501-1011026779s-2020-08-11 14-28-46.csv
		return: {'1011026779-2020-08-11 14-28-46.csv': ['20200811-1501-1011026779f-2020-08-11 14-28-46.csv', '20200811-1501-1011026779s-2020-08-11 14-28-46.csv']}
2020-09-17 22:21:35.521972
	DEF:  loadCSVfile
		filename:C:/Space/maldi2/IN/1011026779-2020-08-11 14-28-46.csv
2020-09-17 22:21:35.522972
	DEF:  loadCSVfile
		filename:C:/Space/maldi2/OUT2/20200811-1501-1011026779s-2020-08-11 14-28-46.csv
2020-09-17 22:21:35.524972
	DEF:  loadCSVfile
		filename:C:/Space/maldi2/OUT2/20200811-1501-1011026779f-2020-08-11 14-28-46.csv
2020-09-17 22:21:35.526973
	DEF:  loadCSVfile
		filename:C:/Space/maldi2/IN/1011026779-2020-08-11 14-28-46.csv
2020-09-17 22:21:35.527973
	DEF:  createResultFileName
		RESULT file name created:1011026779-2020-08-11 14-28-46_RESULT_X.csv
2020-09-17 22:23:11.500462
	DEF:  <module>
		MALDI Converter Started
2020-09-17 22:23:11.501462
	DEF:  loadCSVfile
		filename:C:/Space/maldi2/IN/1011026779-2020-07-28 14-22-26.csv
2020-09-17 22:23:11.503462
	DEF:  loadCSVfile
		filename:C:/Space/maldi2/OUT2/20200811-1501-1011026779s-2020-08-11 14-28-46.csv
2020-09-17 22:23:11.507462
	DEF:  findMatchInOutFile
		match:  1011026779-2020-08-11 14-28-46.csv _AND_  20200811-1501-1011026779f-2020-08-11 14-28-46.csv
		match:  1011026779-2020-08-11 14-28-46.csv _AND_  20200811-1501-1011026779s-2020-08-11 14-28-46.csv
		return: {'1011026779-2020-08-11 14-28-46.csv': ['20200811-1501-1011026779f-2020-08-11 14-28-46.csv', '20200811-1501-1011026779s-2020-08-11 14-28-46.csv']}
2020-09-17 22:23:11.510462
	DEF:  findMatchInOutFile
		match:  1011026779-2020-08-11 14-28-46.csv _AND_  20200811-1501-1011026779f-2020-08-11 14-28-46.csv
		match:  1011026779-2020-08-11 14-28-46.csv _AND_  20200811-1501-1011026779s-2020-08-11 14-28-46.csv
		return: {'1011026779-2020-08-11 14-28-46.csv': ['20200811-1501-1011026779f-2020-08-11 14-28-46.csv', '20200811-1501-1011026779s-2020-08-11 14-28-46.csv']}
2020-09-17 22:23:11.513463
	DEF:  loadCSVfile
		filename:C:/Space/maldi2/IN/1011026779-2020-08-11 14-28-46.csv
2020-09-17 22:23:11.514463
	DEF:  loadCSVfile
		filename:C:/Space/maldi2/OUT2/20200811-1501-1011026779s-2020-08-11 14-28-46.csv
2020-09-17 22:23:11.516463
	DEF:  loadCSVfile
		filename:C:/Space/maldi2/OUT2/20200811-1501-1011026779f-2020-08-11 14-28-46.csv
2020-09-17 22:23:11.518463
	DEF:  loadCSVfile
		filename:C:/Space/maldi2/IN/1011026779-2020-08-11 14-28-46.csv
2020-09-17 22:23:11.519463
	DEF:  createResultFileName
		RESULT file name created:1011026779-2020-08-11 14-28-46_RESULT_X.csv
2020-09-17 22:23:31.914630
	DEF:  <module>
		MALDI Converter Started
2020-09-17 22:23:31.915630
	DEF:  loadCSVfile
		filename:C:/Space/maldi2/IN/1011026779-2020-07-28 14-22-26.csv
2020-09-17 22:23:31.917630
	DEF:  loadCSVfile
		filename:C:/Space/maldi2/OUT2/20200811-1501-1011026779s-2020-08-11 14-28-46.csv
2020-09-17 22:23:31.920630
	DEF:  findMatchInOutFile
		match:  1011026779-2020-08-11 14-28-46.csv _AND_  20200811-1501-1011026779f-2020-08-11 14-28-46.csv
		match:  1011026779-2020-08-11 14-28-46.csv _AND_  20200811-1501-1011026779s-2020-08-11 14-28-46.csv
		return: {'1011026779-2020-08-11 14-28-46.csv': ['20200811-1501-1011026779f-2020-08-11 14-28-46.csv', '20200811-1501-1011026779s-2020-08-11 14-28-46.csv']}
2020-09-17 22:23:31.923630
	DEF:  findMatchInOutFile
		match:  1011026779-2020-08-11 14-28-46.csv _AND_  20200811-1501-1011026779f-2020-08-11 14-28-46.csv
		match:  1011026779-2020-08-11 14-28-46.csv _AND_  20200811-1501-1011026779s-2020-08-11 14-28-46.csv
		return: {'1011026779-2020-08-11 14-28-46.csv': ['20200811-1501-1011026779f-2020-08-11 14-28-46.csv', '20200811-1501-1011026779s-2020-08-11 14-28-46.csv']}
2020-09-17 22:23:31.926630
	DEF:  loadCSVfile
		filename:C:/Space/maldi2/IN/1011026779-2020-08-11 14-28-46.csv
2020-09-17 22:23:31.928630
	DEF:  loadCSVfile
		filename:C:/Space/maldi2/OUT2/20200811-1501-1011026779s-2020-08-11 14-28-46.csv
2020-09-17 22:23:31.930630
	DEF:  loadCSVfile
		filename:C:/Space/maldi2/OUT2/20200811-1501-1011026779f-2020-08-11 14-28-46.csv
2020-09-17 22:23:31.931630
	DEF:  loadCSVfile
		filename:C:/Space/maldi2/IN/1011026779-2020-08-11 14-28-46.csv
2020-09-17 22:23:31.933631
	DEF:  createResultFileName
		RESULT file name created:1011026779-2020-08-11 14-28-46_RESULT_X.csv
2020-09-17 22:23:49.809653
	DEF:  <module>
		MALDI Converter Started
2020-09-17 22:23:49.811653
	DEF:  loadCSVfile
		filename:C:/Space/maldi2/IN/1011026779-2020-07-28 14-22-26.csv
2020-09-17 22:23:49.812653
	DEF:  loadCSVfile
		filename:C:/Space/maldi2/OUT2/20200811-1501-1011026779s-2020-08-11 14-28-46.csv
2020-09-17 22:23:49.816653
	DEF:  findMatchInOutFile
		match:  1011026779-2020-08-11 14-28-46.csv _AND_  20200811-1501-1011026779f-2020-08-11 14-28-46.csv
		match:  1011026779-2020-08-11 14-28-46.csv _AND_  20200811-1501-1011026779s-2020-08-11 14-28-46.csv
		return: {'1011026779-2020-08-11 14-28-46.csv': ['20200811-1501-1011026779f-2020-08-11 14-28-46.csv', '20200811-1501-1011026779s-2020-08-11 14-28-46.csv']}
2020-09-17 22:23:49.819654
	DEF:  findMatchInOutFile
		match:  1011026779-2020-08-11 14-28-46.csv _AND_  20200811-1501-1011026779f-2020-08-11 14-28-46.csv
		match:  1011026779-2020-08-11 14-28-46.csv _AND_  20200811-1501-1011026779s-2020-08-11 14-28-46.csv
		return: {'1011026779-2020-08-11 14-28-46.csv': ['20200811-1501-1011026779f-2020-08-11 14-28-46.csv', '20200811-1501-1011026779s-2020-08-11 14-28-46.csv']}
2020-09-17 22:23:49.822654
	DEF:  loadCSVfile
		filename:C:/Space/maldi2/IN/1011026779-2020-08-11 14-28-46.csv
2020-09-17 22:23:49.823654
	DEF:  loadCSVfile
		filename:C:/Space/maldi2/OUT2/20200811-1501-1011026779s-2020-08-11 14-28-46.csv
2020-09-17 22:23:49.825654
	DEF:  loadCSVfile
		filename:C:/Space/maldi2/OUT2/20200811-1501-1011026779f-2020-08-11 14-28-46.csv
2020-09-17 22:23:49.826654
	DEF:  loadCSVfile
		filename:C:/Space/maldi2/IN/1011026779-2020-08-11 14-28-46.csv
2020-09-17 22:23:49.828654
	DEF:  createResultFileName
		RESULT file name created:1011026779-2020-08-11 14-28-46_RESULT_X.csv
2020-09-17 22:25:22.610961
	DEF:  <module>
		MALDI Converter Started
2020-09-17 22:25:22.611961
	DEF:  loadCSVfile
		filename:C:/Space/maldi2/IN/1011026779-2020-07-28 14-22-26.csv
2020-09-17 22:25:22.613961
	DEF:  loadCSVfile
		filename:C:/Space/maldi2/OUT2/20200811-1501-1011026779s-2020-08-11 14-28-46.csv
2020-09-17 22:25:22.617961
	DEF:  findMatchInOutFile
		match:  1011026779-2020-08-11 14-28-46.csv _AND_  20200811-1501-1011026779f-2020-08-11 14-28-46.csv
		match:  1011026779-2020-08-11 14-28-46.csv _AND_  20200811-1501-1011026779s-2020-08-11 14-28-46.csv
		return: {'1011026779-2020-08-11 14-28-46.csv': ['20200811-1501-1011026779f-2020-08-11 14-28-46.csv', '20200811-1501-1011026779s-2020-08-11 14-28-46.csv']}
2020-09-17 22:25:22.621962
	DEF:  findMatchInOutFile
		match:  1011026779-2020-08-11 14-28-46.csv _AND_  20200811-1501-1011026779f-2020-08-11 14-28-46.csv
		match:  1011026779-2020-08-11 14-28-46.csv _AND_  20200811-1501-1011026779s-2020-08-11 14-28-46.csv
		return: {'1011026779-2020-08-11 14-28-46.csv': ['20200811-1501-1011026779f-2020-08-11 14-28-46.csv', '20200811-1501-1011026779s-2020-08-11 14-28-46.csv']}
2020-09-17 22:25:22.624962
	DEF:  loadCSVfile
		filename:C:/Space/maldi2/IN/1011026779-2020-08-11 14-28-46.csv
2020-09-17 22:25:22.626962
	DEF:  loadCSVfile
		filename:C:/Space/maldi2/OUT2/20200811-1501-1011026779s-2020-08-11 14-28-46.csv
2020-09-17 22:25:22.628962
	DEF:  loadCSVfile
		filename:C:/Space/maldi2/OUT2/20200811-1501-1011026779f-2020-08-11 14-28-46.csv
2020-09-17 22:25:22.629962
	DEF:  loadCSVfile
		filename:C:/Space/maldi2/IN/1011026779-2020-08-11 14-28-46.csv
2020-09-17 22:25:22.631962
	DEF:  createResultFileName
		RESULT file name created:1011026779-2020-08-11 14-28-46_RESULT_X.csv
2020-09-17 22:25:40.451981
	DEF:  <module>
		MALDI Converter Started
2020-09-17 22:25:40.453982
	DEF:  loadCSVfile
		filename:C:/Space/maldi2/IN/1011026779-2020-07-28 14-22-26.csv
2020-09-17 22:25:40.455982
	DEF:  loadCSVfile
		filename:C:/Space/maldi2/OUT2/20200811-1501-1011026779s-2020-08-11 14-28-46.csv
2020-09-17 22:25:40.459982
	DEF:  findMatchInOutFile
		match:  1011026779-2020-08-11 14-28-46.csv _AND_  20200811-1501-1011026779f-2020-08-11 14-28-46.csv
		match:  1011026779-2020-08-11 14-28-46.csv _AND_  20200811-1501-1011026779s-2020-08-11 14-28-46.csv
		return: {'1011026779-2020-08-11 14-28-46.csv': ['20200811-1501-1011026779f-2020-08-11 14-28-46.csv', '20200811-1501-1011026779s-2020-08-11 14-28-46.csv']}
2020-09-17 22:25:40.462982
	DEF:  findMatchInOutFile
		match:  1011026779-2020-08-11 14-28-46.csv _AND_  20200811-1501-1011026779f-2020-08-11 14-28-46.csv
		match:  1011026779-2020-08-11 14-28-46.csv _AND_  20200811-1501-1011026779s-2020-08-11 14-28-46.csv
		return: {'1011026779-2020-08-11 14-28-46.csv': ['20200811-1501-1011026779f-2020-08-11 14-28-46.csv', '20200811-1501-1011026779s-2020-08-11 14-28-46.csv']}
2020-09-17 22:25:40.465982
	DEF:  loadCSVfile
		filename:C:/Space/maldi2/IN/1011026779-2020-08-11 14-28-46.csv
2020-09-17 22:25:40.467982
	DEF:  loadCSVfile
		filename:C:/Space/maldi2/OUT2/20200811-1501-1011026779s-2020-08-11 14-28-46.csv
2020-09-17 22:25:40.469982
	DEF:  loadCSVfile
		filename:C:/Space/maldi2/OUT2/20200811-1501-1011026779f-2020-08-11 14-28-46.csv
2020-09-17 22:25:40.470983
	DEF:  loadCSVfile
		filename:C:/Space/maldi2/IN/1011026779-2020-08-11 14-28-46.csv
2020-09-17 22:25:40.472983
	DEF:  createResultFileName
		RESULT file name created:1011026779-2020-08-11 14-28-46_RESULT_X.csv
