2020-09-15 00:04:09.252554
	DEF:  createLogFile
		created
2020-09-15 00:04:09.253554
	DEF:  <module>
		MALDI Converter Started
2020-09-15 00:04:09.254554
	DEF:  loadCSVfile
		filename:C:/Space/maldi2/IN/1011026779-2020-07-28 14-22-26.csv
2020-09-15 00:04:09.256554
	DEF:  loadCSVfile
		filename:C:/Space/maldi2/OUT2/20200811-1501-1011026779s-2020-08-11 14-28-46.csv
2020-09-15 00:04:09.260554
	DEF:  findMatchInOutFile
		match:  1011026779-2020-08-11 14-28-46.csv _AND_  20200811-1501-1011026779f-2020-08-11 14-28-46.csv
		match:  1011026779-2020-08-11 14-28-46.csv _AND_  20200811-1501-1011026779s-2020-08-11 14-28-46.csv
		return: {'1011026779-2020-08-11 14-28-46.csv': ['20200811-1501-1011026779f-2020-08-11 14-28-46.csv', '20200811-1501-1011026779s-2020-08-11 14-28-46.csv']}
2020-09-15 00:04:09.263554
	DEF:  findMatchInOutFile
		match:  1011026779-2020-08-11 14-28-46.csv _AND_  20200811-1501-1011026779f-2020-08-11 14-28-46.csv
		match:  1011026779-2020-08-11 14-28-46.csv _AND_  20200811-1501-1011026779s-2020-08-11 14-28-46.csv
		return: {'1011026779-2020-08-11 14-28-46.csv': ['20200811-1501-1011026779f-2020-08-11 14-28-46.csv', '20200811-1501-1011026779s-2020-08-11 14-28-46.csv']}
2020-09-15 00:05:25.666924
	DEF:  <module>
		MALDI Converter Started
2020-09-15 00:05:25.668924
	DEF:  loadCSVfile
		filename:C:/Space/maldi2/IN/1011026779-2020-07-28 14-22-26.csv
2020-09-15 00:05:25.669924
	DEF:  loadCSVfile
		filename:C:/Space/maldi2/OUT2/20200811-1501-1011026779s-2020-08-11 14-28-46.csv
2020-09-15 00:05:25.673925
	DEF:  findMatchInOutFile
		match:  1011026779-2020-08-11 14-28-46.csv _AND_  20200811-1501-1011026779f-2020-08-11 14-28-46.csv
		match:  1011026779-2020-08-11 14-28-46.csv _AND_  20200811-1501-1011026779s-2020-08-11 14-28-46.csv
		return: {'1011026779-2020-08-11 14-28-46.csv': ['20200811-1501-1011026779f-2020-08-11 14-28-46.csv', '20200811-1501-1011026779s-2020-08-11 14-28-46.csv']}
2020-09-15 00:05:25.676925
	DEF:  findMatchInOutFile
		match:  1011026779-2020-08-11 14-28-46.csv _AND_  20200811-1501-1011026779f-2020-08-11 14-28-46.csv
		match:  1011026779-2020-08-11 14-28-46.csv _AND_  20200811-1501-1011026779s-2020-08-11 14-28-46.csv
		return: {'1011026779-2020-08-11 14-28-46.csv': ['20200811-1501-1011026779f-2020-08-11 14-28-46.csv', '20200811-1501-1011026779s-2020-08-11 14-28-46.csv']}
2020-09-15 00:07:19.701447
	DEF:  <module>
		MALDI Converter Started
2020-09-15 00:07:19.702447
	DEF:  loadCSVfile
		filename:C:/Space/maldi2/IN/1011026779-2020-07-28 14-22-26.csv
2020-09-15 00:07:19.704447
	DEF:  loadCSVfile
		filename:C:/Space/maldi2/OUT2/20200811-1501-1011026779s-2020-08-11 14-28-46.csv
2020-09-15 00:07:19.708447
	DEF:  findMatchInOutFile
		match:  1011026779-2020-08-11 14-28-46.csv _AND_  20200811-1501-1011026779f-2020-08-11 14-28-46.csv
		match:  1011026779-2020-08-11 14-28-46.csv _AND_  20200811-1501-1011026779s-2020-08-11 14-28-46.csv
		return: {'1011026779-2020-08-11 14-28-46.csv': ['20200811-1501-1011026779f-2020-08-11 14-28-46.csv', '20200811-1501-1011026779s-2020-08-11 14-28-46.csv']}
2020-09-15 00:07:19.711447
	DEF:  findMatchInOutFile
		match:  1011026779-2020-08-11 14-28-46.csv _AND_  20200811-1501-1011026779f-2020-08-11 14-28-46.csv
		match:  1011026779-2020-08-11 14-28-46.csv _AND_  20200811-1501-1011026779s-2020-08-11 14-28-46.csv
		return: {'1011026779-2020-08-11 14-28-46.csv': ['20200811-1501-1011026779f-2020-08-11 14-28-46.csv', '20200811-1501-1011026779s-2020-08-11 14-28-46.csv']}
2020-09-15 00:07:19.714447
	DEF:  loadCSVfile
		filename:C:/Space/maldi2/IN/1011026779-2020-08-11 14-28-46.csv
2020-09-15 00:07:19.716447
	DEF:  loadCSVfile
		filename:C:/Space/maldi2/IN/20200811-1501-1011026779s-2020-08-11 14-28-46.csv
2020-09-15 00:09:06.163536
	DEF:  <module>
		MALDI Converter Started
2020-09-15 00:09:06.165536
	DEF:  loadCSVfile
		filename:C:/Space/maldi2/IN/1011026779-2020-07-28 14-22-26.csv
2020-09-15 00:09:06.166536
	DEF:  loadCSVfile
		filename:C:/Space/maldi2/OUT2/20200811-1501-1011026779s-2020-08-11 14-28-46.csv
2020-09-15 00:09:06.171536
	DEF:  findMatchInOutFile
		match:  1011026779-2020-08-11 14-28-46.csv _AND_  20200811-1501-1011026779f-2020-08-11 14-28-46.csv
		match:  1011026779-2020-08-11 14-28-46.csv _AND_  20200811-1501-1011026779s-2020-08-11 14-28-46.csv
		return: {'1011026779-2020-08-11 14-28-46.csv': ['20200811-1501-1011026779f-2020-08-11 14-28-46.csv', '20200811-1501-1011026779s-2020-08-11 14-28-46.csv']}
2020-09-15 00:09:06.174536
	DEF:  findMatchInOutFile
		match:  1011026779-2020-08-11 14-28-46.csv _AND_  20200811-1501-1011026779f-2020-08-11 14-28-46.csv
		match:  1011026779-2020-08-11 14-28-46.csv _AND_  20200811-1501-1011026779s-2020-08-11 14-28-46.csv
		return: {'1011026779-2020-08-11 14-28-46.csv': ['20200811-1501-1011026779f-2020-08-11 14-28-46.csv', '20200811-1501-1011026779s-2020-08-11 14-28-46.csv']}
2020-09-15 00:09:06.178537
	DEF:  loadCSVfile
		filename:C:/Space/maldi2/OUT2/1011026779-2020-08-11 14-28-46.csv
2020-09-15 00:10:09.468157
	DEF:  <module>
		MALDI Converter Started
2020-09-15 00:10:09.470157
	DEF:  loadCSVfile
		filename:C:/Space/maldi2/IN/1011026779-2020-07-28 14-22-26.csv
2020-09-15 00:10:09.472157
	DEF:  loadCSVfile
		filename:C:/Space/maldi2/OUT2/20200811-1501-1011026779s-2020-08-11 14-28-46.csv
2020-09-15 00:10:09.475157
	DEF:  findMatchInOutFile
		match:  1011026779-2020-08-11 14-28-46.csv _AND_  20200811-1501-1011026779f-2020-08-11 14-28-46.csv
		match:  1011026779-2020-08-11 14-28-46.csv _AND_  20200811-1501-1011026779s-2020-08-11 14-28-46.csv
		return: {'1011026779-2020-08-11 14-28-46.csv': ['20200811-1501-1011026779f-2020-08-11 14-28-46.csv', '20200811-1501-1011026779s-2020-08-11 14-28-46.csv']}
2020-09-15 00:10:09.478157
	DEF:  findMatchInOutFile
		match:  1011026779-2020-08-11 14-28-46.csv _AND_  20200811-1501-1011026779f-2020-08-11 14-28-46.csv
		match:  1011026779-2020-08-11 14-28-46.csv _AND_  20200811-1501-1011026779s-2020-08-11 14-28-46.csv
		return: {'1011026779-2020-08-11 14-28-46.csv': ['20200811-1501-1011026779f-2020-08-11 14-28-46.csv', '20200811-1501-1011026779s-2020-08-11 14-28-46.csv']}
2020-09-15 00:10:30.085336
	DEF:  <module>
		MALDI Converter Started
2020-09-15 00:10:30.086336
	DEF:  loadCSVfile
		filename:C:/Space/maldi2/IN/1011026779-2020-07-28 14-22-26.csv
2020-09-15 00:10:30.088336
	DEF:  loadCSVfile
		filename:C:/Space/maldi2/OUT2/20200811-1501-1011026779s-2020-08-11 14-28-46.csv
2020-09-15 00:10:30.091336
	DEF:  findMatchInOutFile
		match:  1011026779-2020-08-11 14-28-46.csv _AND_  20200811-1501-1011026779f-2020-08-11 14-28-46.csv
		match:  1011026779-2020-08-11 14-28-46.csv _AND_  20200811-1501-1011026779s-2020-08-11 14-28-46.csv
		return: {'1011026779-2020-08-11 14-28-46.csv': ['20200811-1501-1011026779f-2020-08-11 14-28-46.csv', '20200811-1501-1011026779s-2020-08-11 14-28-46.csv']}
2020-09-15 00:10:30.094336
	DEF:  findMatchInOutFile
		match:  1011026779-2020-08-11 14-28-46.csv _AND_  20200811-1501-1011026779f-2020-08-11 14-28-46.csv
		match:  1011026779-2020-08-11 14-28-46.csv _AND_  20200811-1501-1011026779s-2020-08-11 14-28-46.csv
		return: {'1011026779-2020-08-11 14-28-46.csv': ['20200811-1501-1011026779f-2020-08-11 14-28-46.csv', '20200811-1501-1011026779s-2020-08-11 14-28-46.csv']}
2020-09-15 00:10:30.097337
	DEF:  loadCSVfile
		filename:C:/Space/maldi2/IN/1011026779-2020-08-11 14-28-46.csv
2020-09-15 00:10:30.098337
	DEF:  loadCSVfile
		filename:C:/Space/maldi2/OUT2/20200811-1501-1011026779s-2020-08-11 14-28-46.csv
2020-09-15 00:10:30.101337
	DEF:  loadCSVfile
		filename:C:/Space/maldi2/OUT2/20200811-1501-1011026779f-2020-08-11 14-28-46.csv
2020-09-15 22:44:16.451218
	DEF:  <module>
		MALDI Converter Started
2020-09-15 22:44:26.294781
	DEF:  loadCSVfile
		filename:C:/Space/maldi2/IN/1011026779-2020-07-28 14-22-26.csv
2020-09-15 22:44:26.312782
	DEF:  loadCSVfile
		filename:C:/Space/maldi2/OUT2/20200811-1501-1011026779s-2020-08-11 14-28-46.csv
2020-09-15 22:44:26.317783
	DEF:  findMatchInOutFile
		match:  1011026779-2020-08-11 14-28-46.csv _AND_  20200811-1501-1011026779f-2020-08-11 14-28-46.csv
		match:  1011026779-2020-08-11 14-28-46.csv _AND_  20200811-1501-1011026779s-2020-08-11 14-28-46.csv
		return: {'1011026779-2020-08-11 14-28-46.csv': ['20200811-1501-1011026779f-2020-08-11 14-28-46.csv', '20200811-1501-1011026779s-2020-08-11 14-28-46.csv']}
2020-09-15 22:44:26.320783
	DEF:  findMatchInOutFile
		match:  1011026779-2020-08-11 14-28-46.csv _AND_  20200811-1501-1011026779f-2020-08-11 14-28-46.csv
		match:  1011026779-2020-08-11 14-28-46.csv _AND_  20200811-1501-1011026779s-2020-08-11 14-28-46.csv
		return: {'1011026779-2020-08-11 14-28-46.csv': ['20200811-1501-1011026779f-2020-08-11 14-28-46.csv', '20200811-1501-1011026779s-2020-08-11 14-28-46.csv']}
2020-09-15 22:44:26.324783
	DEF:  loadCSVfile
		filename:C:/Space/maldi2/IN/1011026779-2020-08-11 14-28-46.csv
2020-09-15 22:44:26.326783
	DEF:  loadCSVfile
		filename:C:/Space/maldi2/OUT2/20200811-1501-1011026779s-2020-08-11 14-28-46.csv
2020-09-15 22:44:26.328783
	DEF:  loadCSVfile
		filename:C:/Space/maldi2/OUT2/20200811-1501-1011026779f-2020-08-11 14-28-46.csv
